<?xml version="1.0" encoding="UTF-8"?>
<coverage generated="1626248496765" clover="3.2.0">
  <project timestamp="1626248496765" name="All files">
    <metrics statements="334" coveredstatements="316" conditionals="136" coveredconditionals="111" methods="63" coveredmethods="60" elements="533" coveredelements="487" complexity="0" loc="334" ncloc="334" packages="6" files="11" classes="11"/>
    <package name="const">
      <metrics statements="6" coveredstatements="6" conditionals="2" coveredconditionals="2" methods="1" coveredmethods="1"/>
      <file name="index.ts" path="/Users/nameczz/Working/milvus-node-sdk/const/index.ts">
        <metrics statements="6" coveredstatements="6" conditionals="2" coveredconditionals="2" methods="1" coveredmethods="1"/>
        <line num="3" count="6" type="stmt"/>
        <line num="5" count="6" type="stmt"/>
        <line num="7" count="6" type="stmt"/>
        <line num="9" count="15" type="cond" truecount="2" falsecount="0"/>
        <line num="10" count="8" type="stmt"/>
        <line num="12" count="6" type="stmt"/>
      </file>
    </package>
    <package name="milvus">
      <metrics statements="172" coveredstatements="157" conditionals="88" coveredconditionals="65" methods="36" coveredmethods="34"/>
      <file name="index.ts" path="/Users/nameczz/Working/milvus-node-sdk/milvus/index.ts">
        <metrics statements="172" coveredstatements="157" conditionals="88" coveredconditionals="65" methods="36" coveredmethods="34"/>
        <line num="1" count="6" type="stmt"/>
        <line num="2" count="6" type="stmt"/>
        <line num="13" count="6" type="stmt"/>
        <line num="14" count="6" type="stmt"/>
        <line num="15" count="6" type="stmt"/>
        <line num="16" count="6" type="stmt"/>
        <line num="17" count="6" type="stmt"/>
        <line num="47" count="6" type="stmt"/>
        <line num="48" count="6" type="stmt"/>
        <line num="50" count="6" type="stmt"/>
        <line num="54" count="6" type="stmt"/>
        <line num="55" count="6" type="stmt"/>
        <line num="56" count="6" type="stmt"/>
        <line num="58" count="6" type="stmt"/>
        <line num="59" count="6" type="stmt"/>
        <line num="60" count="6" type="stmt"/>
        <line num="70" count="6" type="stmt"/>
        <line num="77" count="6" type="stmt"/>
        <line num="78" count="6" type="stmt"/>
        <line num="79" count="6" type="stmt"/>
        <line num="83" count="6" type="stmt"/>
        <line num="84" count="6" type="stmt"/>
        <line num="125" count="6" type="stmt"/>
        <line num="126" count="2" type="cond" truecount="1" falsecount="0"/>
        <line num="127" count="2" type="stmt"/>
        <line num="137" count="6" type="stmt"/>
        <line num="138" count="12" type="stmt"/>
        <line num="139" count="12" type="cond" truecount="4" falsecount="1"/>
        <line num="140" count="0" type="stmt"/>
        <line num="142" count="12" type="stmt"/>
        <line num="144" count="8" type="stmt"/>
        <line num="145" count="8" type="cond" truecount="1" falsecount="1"/>
        <line num="147" count="8" type="stmt"/>
        <line num="151" count="8" type="stmt"/>
        <line num="153" count="8" type="stmt"/>
        <line num="159" count="8" type="stmt"/>
        <line num="160" count="20" type="stmt"/>
        <line num="166" count="20" type="stmt"/>
        <line num="168" count="20" type="stmt"/>
        <line num="171" count="8" type="stmt"/>
        <line num="172" count="8" type="stmt"/>
        <line num="173" count="8" type="stmt"/>
        <line num="178" count="8" type="stmt"/>
        <line num="186" count="6" type="stmt"/>
        <line num="187" count="2" type="cond" truecount="1" falsecount="1"/>
        <line num="188" count="0" type="stmt"/>
        <line num="190" count="2" type="stmt"/>
        <line num="191" count="2" type="stmt"/>
        <line num="198" count="6" type="stmt"/>
        <line num="201" count="2" type="cond" truecount="1" falsecount="0"/>
        <line num="204" count="2" type="stmt"/>
        <line num="212" count="6" type="stmt"/>
        <line num="215" count="7" type="cond" truecount="1" falsecount="0"/>
        <line num="216" count="7" type="stmt"/>
        <line num="219" count="6" type="stmt"/>
        <line num="222" count="1" type="cond" truecount="1" falsecount="0"/>
        <line num="228" count="1" type="stmt"/>
        <line num="230" count="1" type="stmt"/>
        <line num="233" count="6" type="stmt"/>
        <line num="234" count="4" type="cond" truecount="1" falsecount="0"/>
        <line num="235" count="4" type="stmt"/>
        <line num="238" count="6" type="stmt"/>
        <line num="239" count="1" type="cond" truecount="1" falsecount="0"/>
        <line num="240" count="1" type="stmt"/>
        <line num="243" count="6" type="stmt"/>
        <line num="244" count="7" type="cond" truecount="1" falsecount="0"/>
        <line num="245" count="7" type="stmt"/>
        <line num="248" count="6" type="stmt"/>
        <line num="249" count="3" type="cond" truecount="1" falsecount="0"/>
        <line num="250" count="3" type="stmt"/>
        <line num="253" count="6" type="stmt"/>
        <line num="254" count="3" type="cond" truecount="1" falsecount="0"/>
        <line num="255" count="3" type="stmt"/>
        <line num="258" count="6" type="stmt"/>
        <line num="261" count="1" type="cond" truecount="1" falsecount="0"/>
        <line num="262" count="1" type="stmt"/>
        <line num="265" count="6" type="stmt"/>
        <line num="268" count="1" type="cond" truecount="1" falsecount="0"/>
        <line num="273" count="1" type="stmt"/>
        <line num="274" count="1" type="stmt"/>
        <line num="277" count="6" type="stmt"/>
        <line num="278" count="1" type="cond" truecount="1" falsecount="0"/>
        <line num="279" count="1" type="stmt"/>
        <line num="282" count="6" type="stmt"/>
        <line num="283" count="1" type="cond" truecount="1" falsecount="0"/>
        <line num="284" count="1" type="stmt"/>
        <line num="287" count="6" type="stmt"/>
        <line num="288" count="1" type="cond" truecount="1" falsecount="0"/>
        <line num="289" count="1" type="stmt"/>
        <line num="292" count="6" type="stmt"/>
        <line num="293" count="1" type="cond" truecount="1" falsecount="0"/>
        <line num="294" count="1" type="stmt"/>
        <line num="297" count="6" type="stmt"/>
        <line num="298" count="2" type="cond" truecount="1" falsecount="0"/>
        <line num="299" count="2" type="stmt"/>
        <line num="302" count="6" type="stmt"/>
        <line num="303" count="1" type="cond" truecount="1" falsecount="0"/>
        <line num="304" count="1" type="stmt"/>
        <line num="307" count="6" type="stmt"/>
        <line num="310" count="1" type="cond" truecount="1" falsecount="0"/>
        <line num="311" count="1" type="stmt"/>
        <line num="314" count="6" type="stmt"/>
        <line num="315" count="1" type="cond" truecount="1" falsecount="0"/>
        <line num="316" count="1" type="stmt"/>
        <line num="326" count="6" type="stmt"/>
        <line num="327" count="6" type="stmt"/>
        <line num="329" count="6" type="stmt"/>
        <line num="330" count="6" type="cond" truecount="1" falsecount="1"/>
        <line num="331" count="0" type="stmt"/>
        <line num="335" count="19" type="stmt"/>
        <line num="343" count="6" type="stmt"/>
        <line num="346" count="6" type="stmt"/>
        <line num="348" count="33" type="stmt"/>
        <line num="350" count="33" type="cond" truecount="2" falsecount="0"/>
        <line num="351" count="2" type="stmt"/>
        <line num="353" count="31" type="stmt"/>
        <line num="354" count="223" type="stmt"/>
        <line num="355" count="101" type="cond" truecount="2" falsecount="0"/>
        <line num="356" count="1" type="stmt"/>
        <line num="359" count="100" type="stmt"/>
        <line num="364" count="100" type="cond" truecount="1" falsecount="1"/>
        <line num="368" count="0" type="stmt"/>
        <line num="371" count="100" type="stmt"/>
        <line num="377" count="3" type="stmt"/>
        <line num="380" count="10" type="stmt"/>
        <line num="381" count="10" type="cond" truecount="1" falsecount="1"/>
        <line num="383" count="10" type="cond" truecount="2" falsecount="0"/>
        <line num="384" count="10" type="stmt"/>
        <line num="385" count="10" type="stmt"/>
        <line num="387" count="2" type="stmt"/>
        <line num="388" count="2" type="stmt"/>
        <line num="390" count="1" type="stmt"/>
        <line num="391" count="1" type="stmt"/>
        <line num="393" count="0" type="stmt"/>
        <line num="394" count="0" type="stmt"/>
        <line num="396" count="0" type="stmt"/>
        <line num="397" count="0" type="stmt"/>
        <line num="399" count="3" type="stmt"/>
        <line num="400" count="3" type="stmt"/>
        <line num="404" count="4" type="stmt"/>
        <line num="405" count="4" type="stmt"/>
        <line num="407" count="0" type="stmt"/>
        <line num="409" count="10" type="stmt"/>
        <line num="432" count="3" type="stmt"/>
        <line num="433" count="3" type="stmt"/>
        <line num="442" count="6" type="stmt"/>
        <line num="443" count="2" type="cond" truecount="1" falsecount="0"/>
        <line num="444" count="2" type="cond" truecount="1" falsecount="1"/>
        <line num="445" count="2" type="cond" truecount="1" falsecount="1"/>
        <line num="446" count="0" type="stmt"/>
        <line num="448" count="2" type="stmt"/>
        <line num="452" count="2" type="stmt"/>
        <line num="458" count="2" type="stmt"/>
        <line num="466" count="2" type="stmt"/>
        <line num="470" count="2" type="stmt"/>
        <line num="476" count="2" type="stmt"/>
        <line num="477" count="2" type="cond" truecount="1" falsecount="1"/>
        <line num="484" count="2" type="stmt"/>
        <line num="485" count="2" type="stmt"/>
        <line num="487" count="4" type="cond" truecount="1" falsecount="1"/>
        <line num="488" count="4" type="stmt"/>
        <line num="495" count="2" type="cond" truecount="3" falsecount="1"/>
        <line num="502" count="2" type="stmt"/>
        <line num="503" count="2" type="stmt"/>
        <line num="505" count="2" type="stmt"/>
        <line num="506" count="0" type="cond" truecount="0" falsecount="2"/>
        <line num="507" count="0" type="stmt"/>
        <line num="511" count="0" type="stmt"/>
        <line num="512" count="0" type="stmt"/>
        <line num="514" count="0" type="stmt"/>
        <line num="519" count="2" type="stmt"/>
        <line num="524" count="6" type="stmt"/>
      </file>
    </package>
    <package name="milvus.const">
      <metrics statements="11" coveredstatements="11" conditionals="2" coveredconditionals="2" methods="1" coveredmethods="1"/>
      <file name="ErrorReason.ts" path="/Users/nameczz/Working/milvus-node-sdk/milvus/const/ErrorReason.ts">
        <metrics statements="11" coveredstatements="11" conditionals="2" coveredconditionals="2" methods="1" coveredmethods="1"/>
        <line num="1" count="6" type="cond" truecount="2" falsecount="0"/>
        <line num="2" count="6" type="stmt"/>
        <line num="3" count="6" type="stmt"/>
        <line num="4" count="6" type="stmt"/>
        <line num="5" count="6" type="stmt"/>
        <line num="6" count="6" type="stmt"/>
        <line num="8" count="6" type="stmt"/>
        <line num="10" count="6" type="stmt"/>
        <line num="11" count="6" type="stmt"/>
        <line num="12" count="6" type="stmt"/>
        <line num="14" count="6" type="stmt"/>
      </file>
    </package>
    <package name="milvus.types">
      <metrics statements="91" coveredstatements="91" conditionals="16" coveredconditionals="16" methods="8" coveredmethods="8"/>
      <file name="Collection.ts" path="/Users/nameczz/Working/milvus-node-sdk/milvus/types/Collection.ts">
        <metrics statements="3" coveredstatements="3" conditionals="2" coveredconditionals="2" methods="1" coveredmethods="1"/>
        <line num="12" count="6" type="cond" truecount="2" falsecount="0"/>
        <line num="13" count="6" type="stmt"/>
        <line num="14" count="6" type="stmt"/>
      </file>
      <file name="Common.ts" path="/Users/nameczz/Working/milvus-node-sdk/milvus/types/Common.ts">
        <metrics statements="85" coveredstatements="85" conditionals="12" coveredconditionals="12" methods="6" coveredmethods="6"/>
        <line num="1" count="6" type="cond" truecount="2" falsecount="0"/>
        <line num="2" count="6" type="stmt"/>
        <line num="4" count="6" type="stmt"/>
        <line num="6" count="6" type="stmt"/>
        <line num="8" count="6" type="stmt"/>
        <line num="10" count="6" type="stmt"/>
        <line num="12" count="6" type="stmt"/>
        <line num="14" count="6" type="stmt"/>
        <line num="16" count="6" type="stmt"/>
        <line num="19" count="6" type="cond" truecount="2" falsecount="0"/>
        <line num="21" count="6" type="stmt"/>
        <line num="23" count="6" type="stmt"/>
        <line num="25" count="6" type="stmt"/>
        <line num="27" count="6" type="stmt"/>
        <line num="29" count="6" type="stmt"/>
        <line num="31" count="6" type="stmt"/>
        <line num="33" count="6" type="stmt"/>
        <line num="35" count="6" type="stmt"/>
        <line num="37" count="6" type="stmt"/>
        <line num="39" count="6" type="stmt"/>
        <line num="41" count="6" type="stmt"/>
        <line num="44" count="6" type="cond" truecount="2" falsecount="0"/>
        <line num="45" count="6" type="stmt"/>
        <line num="47" count="6" type="stmt"/>
        <line num="48" count="6" type="stmt"/>
        <line num="49" count="6" type="stmt"/>
        <line num="50" count="6" type="stmt"/>
        <line num="51" count="6" type="stmt"/>
        <line num="52" count="6" type="stmt"/>
        <line num="53" count="6" type="stmt"/>
        <line num="54" count="6" type="stmt"/>
        <line num="57" count="6" type="stmt"/>
        <line num="58" count="6" type="stmt"/>
        <line num="59" count="6" type="stmt"/>
        <line num="60" count="6" type="stmt"/>
        <line num="61" count="6" type="stmt"/>
        <line num="62" count="6" type="stmt"/>
        <line num="63" count="6" type="stmt"/>
        <line num="66" count="6" type="stmt"/>
        <line num="67" count="6" type="stmt"/>
        <line num="70" count="6" type="stmt"/>
        <line num="71" count="6" type="stmt"/>
        <line num="72" count="6" type="stmt"/>
        <line num="75" count="6" type="stmt"/>
        <line num="76" count="6" type="stmt"/>
        <line num="77" count="6" type="stmt"/>
        <line num="80" count="6" type="stmt"/>
        <line num="81" count="6" type="stmt"/>
        <line num="82" count="6" type="stmt"/>
        <line num="83" count="6" type="stmt"/>
        <line num="84" count="6" type="stmt"/>
        <line num="85" count="6" type="stmt"/>
        <line num="86" count="6" type="stmt"/>
        <line num="87" count="6" type="stmt"/>
        <line num="90" count="6" type="stmt"/>
        <line num="93" count="6" type="stmt"/>
        <line num="94" count="6" type="stmt"/>
        <line num="95" count="6" type="stmt"/>
        <line num="96" count="6" type="stmt"/>
        <line num="97" count="6" type="stmt"/>
        <line num="98" count="6" type="stmt"/>
        <line num="99" count="6" type="stmt"/>
        <line num="100" count="6" type="stmt"/>
        <line num="112" count="6" type="cond" truecount="2" falsecount="0"/>
        <line num="113" count="6" type="stmt"/>
        <line num="114" count="6" type="stmt"/>
        <line num="115" count="6" type="stmt"/>
        <line num="116" count="6" type="stmt"/>
        <line num="117" count="6" type="stmt"/>
        <line num="118" count="6" type="stmt"/>
        <line num="120" count="6" type="stmt"/>
        <line num="121" count="6" type="stmt"/>
        <line num="123" count="6" type="stmt"/>
        <line num="125" count="6" type="stmt"/>
        <line num="126" count="6" type="stmt"/>
        <line num="129" count="6" type="stmt"/>
        <line num="148" count="6" type="cond" truecount="2" falsecount="0"/>
        <line num="149" count="6" type="stmt"/>
        <line num="150" count="6" type="stmt"/>
        <line num="151" count="6" type="stmt"/>
        <line num="152" count="6" type="stmt"/>
        <line num="153" count="6" type="stmt"/>
        <line num="156" count="6" type="cond" truecount="2" falsecount="0"/>
        <line num="157" count="6" type="stmt"/>
        <line num="158" count="6" type="stmt"/>
      </file>
      <file name="Response.ts" path="/Users/nameczz/Working/milvus-node-sdk/milvus/types/Response.ts">
        <metrics statements="3" coveredstatements="3" conditionals="2" coveredconditionals="2" methods="1" coveredmethods="1"/>
        <line num="8" count="6" type="cond" truecount="2" falsecount="0"/>
        <line num="9" count="6" type="stmt"/>
        <line num="10" count="6" type="stmt"/>
      </file>
    </package>
    <package name="milvus.utils">
      <metrics statements="33" coveredstatements="33" conditionals="24" coveredconditionals="23" methods="10" coveredmethods="10"/>
      <file name="Blob.ts" path="/Users/nameczz/Working/milvus-node-sdk/milvus/utils/Blob.ts">
        <metrics statements="6" coveredstatements="6" conditionals="0" coveredconditionals="0" methods="2" coveredmethods="2"/>
        <line num="1" count="6" type="stmt"/>
        <line num="3" count="1" type="stmt"/>
        <line num="5" count="1" type="stmt"/>
        <line num="8" count="6" type="stmt"/>
        <line num="10" count="2" type="stmt"/>
        <line num="12" count="2" type="stmt"/>
      </file>
      <file name="Format.ts" path="/Users/nameczz/Working/milvus-node-sdk/milvus/utils/Format.ts">
        <metrics statements="7" coveredstatements="7" conditionals="0" coveredconditionals="0" methods="2" coveredmethods="2"/>
        <line num="1" count="6" type="stmt"/>
        <line num="10" count="6" type="stmt"/>
        <line num="11" count="2" type="stmt"/>
        <line num="12" count="2" type="stmt"/>
        <line num="13" count="2" type="stmt"/>
        <line num="14" count="2" type="stmt"/>
        <line num="17" count="2" type="stmt"/>
      </file>
      <file name="Validate.ts" path="/Users/nameczz/Working/milvus-node-sdk/milvus/utils/Validate.ts">
        <metrics statements="18" coveredstatements="18" conditionals="20" coveredconditionals="19" methods="4" coveredmethods="4"/>
        <line num="1" count="6" type="stmt"/>
        <line num="2" count="6" type="stmt"/>
        <line num="4" count="6" type="stmt"/>
        <line num="13" count="6" type="stmt"/>
        <line num="14" count="12" type="stmt"/>
        <line num="16" count="22" type="cond" truecount="4" falsecount="0"/>
        <line num="17" count="1" type="stmt"/>
        <line num="19" count="11" type="cond" truecount="2" falsecount="0"/>
        <line num="21" count="11" type="cond" truecount="1" falsecount="1"/>
        <line num="24" count="1" type="stmt"/>
        <line num="27" count="10" type="stmt"/>
        <line num="28" count="22" type="cond" truecount="4" falsecount="0"/>
        <line num="29" count="10" type="stmt"/>
        <line num="32" count="10" type="cond" truecount="2" falsecount="0"/>
        <line num="33" count="1" type="stmt"/>
        <line num="35" count="9" type="cond" truecount="4" falsecount="0"/>
        <line num="36" count="1" type="stmt"/>
        <line num="41" count="8" type="stmt"/>
      </file>
      <file name="index.ts" path="/Users/nameczz/Working/milvus-node-sdk/milvus/utils/index.ts">
        <metrics statements="2" coveredstatements="2" conditionals="4" coveredconditionals="4" methods="2" coveredmethods="2"/>
        <line num="3" count="6" type="stmt"/>
        <line num="4" count="30" type="cond" truecount="4" falsecount="0"/>
      </file>
    </package>
    <package name="utils">
      <metrics statements="21" coveredstatements="18" conditionals="4" coveredconditionals="3" methods="7" coveredmethods="6"/>
      <file name="index.ts" path="/Users/nameczz/Working/milvus-node-sdk/utils/index.ts">
        <metrics statements="21" coveredstatements="18" conditionals="4" coveredconditionals="3" methods="7" coveredmethods="6"/>
        <line num="1" count="6" type="stmt"/>
        <line num="2" count="56" type="stmt"/>
        <line num="3" count="56" type="stmt"/>
        <line num="4" count="56" type="stmt"/>
        <line num="5" count="56" type="cond" truecount="1" falsecount="1"/>
        <line num="6" count="0" type="stmt"/>
        <line num="8" count="56" type="stmt"/>
        <line num="11" count="0" type="stmt"/>
        <line num="14" count="0" type="stmt"/>
        <line num="17" count="56" type="stmt"/>
        <line num="20" count="6" type="stmt"/>
        <line num="24" count="6" type="stmt"/>
        <line num="25" count="6" type="stmt"/>
        <line num="26" count="60" type="stmt"/>
        <line num="28" count="60" type="stmt"/>
        <line num="29" count="510" type="stmt"/>
        <line num="30" count="170" type="stmt"/>
        <line num="31" count="340" type="cond" truecount="2" falsecount="0"/>
        <line num="34" count="60" type="stmt"/>
        <line num="35" count="60" type="stmt"/>
        <line num="37" count="6" type="stmt"/>
      </file>
    </package>
  </project>
</coverage>
