<?xml version="1.0" encoding="UTF-8"?>
<coverage generated="1628062466946" clover="3.2.0">
  <project timestamp="1628062466946" name="All files">
    <metrics statements="387" coveredstatements="372" conditionals="147" coveredconditionals="127" methods="73" coveredmethods="72" elements="607" coveredelements="571" complexity="0" loc="387" ncloc="387" packages="6" files="16" classes="16"/>
    <package name="const">
      <metrics statements="6" coveredstatements="6" conditionals="2" coveredconditionals="2" methods="1" coveredmethods="1"/>
      <file name="index.ts" path="/Users/nameczz/Working/milvus-node-sdk/const/index.ts">
        <metrics statements="6" coveredstatements="6" conditionals="2" coveredconditionals="2" methods="1" coveredmethods="1"/>
        <line num="3" count="6" type="stmt"/>
        <line num="5" count="6" type="stmt"/>
        <line num="7" count="6" type="stmt"/>
        <line num="9" count="17" type="cond" truecount="2" falsecount="0"/>
        <line num="10" count="9" type="stmt"/>
        <line num="12" count="6" type="stmt"/>
      </file>
    </package>
    <package name="milvus">
      <metrics statements="223" coveredstatements="211" conditionals="99" coveredconditionals="81" methods="46" coveredmethods="46"/>
      <file name="Client.ts" path="/Users/nameczz/Working/milvus-node-sdk/milvus/Client.ts">
        <metrics statements="3" coveredstatements="3" conditionals="0" coveredconditionals="0" methods="2" coveredmethods="2"/>
        <line num="1" count="6" type="stmt"/>
        <line num="5" count="24" type="stmt"/>
        <line num="7" count="6" type="stmt"/>
      </file>
      <file name="Collection.ts" path="/Users/nameczz/Working/milvus-node-sdk/milvus/Collection.ts">
        <metrics statements="53" coveredstatements="51" conditionals="19" coveredconditionals="16" methods="10" coveredmethods="10"/>
        <line num="1" count="6" type="stmt"/>
        <line num="2" count="6" type="stmt"/>
        <line num="3" count="6" type="stmt"/>
        <line num="4" count="6" type="stmt"/>
        <line num="22" count="6" type="stmt"/>
        <line num="23" count="6" type="stmt"/>
        <line num="24" count="6" type="stmt"/>
        <line num="25" count="6" type="stmt"/>
        <line num="27" count="6" type="stmt"/>
        <line num="29" count="6" type="stmt"/>
        <line num="37" count="6" type="stmt"/>
        <line num="38" count="13" type="stmt"/>
        <line num="39" count="13" type="cond" truecount="4" falsecount="1"/>
        <line num="40" count="0" type="stmt"/>
        <line num="42" count="13" type="stmt"/>
        <line num="44" count="9" type="stmt"/>
        <line num="45" count="9" type="cond" truecount="1" falsecount="1"/>
        <line num="47" count="9" type="stmt"/>
        <line num="51" count="9" type="stmt"/>
        <line num="53" count="9" type="stmt"/>
        <line num="59" count="9" type="stmt"/>
        <line num="60" count="23" type="stmt"/>
        <line num="66" count="23" type="stmt"/>
        <line num="68" count="23" type="stmt"/>
        <line num="71" count="9" type="stmt"/>
        <line num="72" count="9" type="stmt"/>
        <line num="73" count="9" type="stmt"/>
        <line num="78" count="9" type="stmt"/>
        <line num="86" count="6" type="stmt"/>
        <line num="87" count="2" type="cond" truecount="1" falsecount="1"/>
        <line num="88" count="0" type="stmt"/>
        <line num="90" count="2" type="stmt"/>
        <line num="91" count="2" type="stmt"/>
        <line num="98" count="6" type="stmt"/>
        <line num="101" count="2" type="cond" truecount="1" falsecount="0"/>
        <line num="104" count="2" type="stmt"/>
        <line num="112" count="6" type="stmt"/>
        <line num="115" count="10" type="cond" truecount="1" falsecount="0"/>
        <line num="116" count="10" type="stmt"/>
        <line num="125" count="6" type="stmt"/>
        <line num="128" count="1" type="cond" truecount="1" falsecount="0"/>
        <line num="134" count="1" type="stmt"/>
        <line num="136" count="1" type="stmt"/>
        <line num="144" count="6" type="stmt"/>
        <line num="145" count="4" type="cond" truecount="1" falsecount="0"/>
        <line num="146" count="4" type="stmt"/>
        <line num="155" count="6" type="stmt"/>
        <line num="156" count="1" type="cond" truecount="1" falsecount="0"/>
        <line num="157" count="1" type="stmt"/>
        <line num="165" count="6" type="stmt"/>
        <line num="166" count="9" type="cond" truecount="1" falsecount="0"/>
        <line num="167" count="9" type="stmt"/>
        <line num="169" count="6" type="stmt"/>
      </file>
      <file name="Data.ts" path="/Users/nameczz/Working/milvus-node-sdk/milvus/Data.ts">
        <metrics statements="102" coveredstatements="92" conditionals="68" coveredconditionals="53" methods="18" coveredmethods="18"/>
        <line num="1" count="6" type="stmt"/>
        <line num="2" count="6" type="stmt"/>
        <line num="3" count="6" type="stmt"/>
        <line num="5" count="6" type="stmt"/>
        <line num="7" count="6" type="stmt"/>
        <line num="9" count="6" type="stmt"/>
        <line num="11" count="6" type="stmt"/>
        <line num="12" count="6" type="stmt"/>
        <line num="16" count="6" type="stmt"/>
        <line num="18" count="6" type="stmt"/>
        <line num="20" count="6" type="stmt"/>
        <line num="25" count="6" type="cond" truecount="2" falsecount="0"/>
        <line num="26" count="6" type="stmt"/>
        <line num="27" count="6" type="stmt"/>
        <line num="38" count="6" type="stmt"/>
        <line num="39" count="7" type="stmt"/>
        <line num="40" count="7" type="stmt"/>
        <line num="44" count="7" type="cond" truecount="1" falsecount="1"/>
        <line num="45" count="0" type="stmt"/>
        <line num="50" count="7" type="stmt"/>
        <line num="51" count="22" type="cond" truecount="2" falsecount="0"/>
        <line num="52" count="21" type="stmt"/>
        <line num="60" count="7" type="stmt"/>
        <line num="63" count="7" type="stmt"/>
        <line num="65" count="52" type="stmt"/>
        <line num="67" count="52" type="stmt"/>
        <line num="68" count="286" type="stmt"/>
        <line num="69" count="142" type="cond" truecount="2" falsecount="0"/>
        <line num="70" count="2" type="stmt"/>
        <line num="72" count="140" type="stmt"/>
        <line num="77" count="140" type="cond" truecount="1" falsecount="1"/>
        <line num="81" count="0" type="stmt"/>
        <line num="86" count="140" type="cond" truecount="2" falsecount="0"/>
        <line num="87" count="320" type="stmt"/>
        <line num="88" count="320" type="stmt"/>
        <line num="91" count="90" type="stmt"/>
        <line num="96" count="5" type="stmt"/>
        <line num="99" count="15" type="stmt"/>
        <line num="100" count="15" type="cond" truecount="1" falsecount="1"/>
        <line num="102" count="15" type="cond" truecount="2" falsecount="0"/>
        <line num="103" count="15" type="stmt"/>
        <line num="104" count="15" type="stmt"/>
        <line num="106" count="4" type="stmt"/>
        <line num="107" count="4" type="stmt"/>
        <line num="109" count="1" type="stmt"/>
        <line num="110" count="1" type="stmt"/>
        <line num="112" count="0" type="stmt"/>
        <line num="113" count="0" type="stmt"/>
        <line num="115" count="0" type="stmt"/>
        <line num="116" count="0" type="stmt"/>
        <line num="118" count="4" type="stmt"/>
        <line num="119" count="4" type="stmt"/>
        <line num="123" count="6" type="stmt"/>
        <line num="124" count="6" type="stmt"/>
        <line num="126" count="0" type="stmt"/>
        <line num="128" count="15" type="stmt"/>
        <line num="152" count="5" type="stmt"/>
        <line num="154" count="5" type="stmt"/>
        <line num="162" count="6" type="stmt"/>
        <line num="163" count="2" type="cond" truecount="1" falsecount="0"/>
        <line num="164" count="2" type="cond" truecount="1" falsecount="1"/>
        <line num="165" count="2" type="cond" truecount="1" falsecount="1"/>
        <line num="166" count="0" type="stmt"/>
        <line num="168" count="2" type="stmt"/>
        <line num="173" count="2" type="stmt"/>
        <line num="174" count="2" type="stmt"/>
        <line num="175" count="2" type="stmt"/>
        <line num="177" count="2" type="cond" truecount="1" falsecount="1"/>
        <line num="178" count="0" type="stmt"/>
        <line num="181" count="2" type="stmt"/>
        <line num="182" count="2" type="stmt"/>
        <line num="183" count="2" type="stmt"/>
        <line num="186" count="2" type="cond" truecount="3" falsecount="1"/>
        <line num="187" count="0" type="stmt"/>
        <line num="191" count="2" type="stmt"/>
        <line num="195" count="2" type="stmt"/>
        <line num="201" count="2" type="stmt"/>
        <line num="209" count="2" type="stmt"/>
        <line num="213" count="2" type="stmt"/>
        <line num="219" count="2" type="stmt"/>
        <line num="220" count="2" type="cond" truecount="1" falsecount="1"/>
        <line num="227" count="2" type="stmt"/>
        <line num="228" count="2" type="stmt"/>
        <line num="230" count="4" type="cond" truecount="2" falsecount="0"/>
        <line num="231" count="4" type="stmt"/>
        <line num="238" count="2" type="cond" truecount="3" falsecount="1"/>
        <line num="245" count="2" type="stmt"/>
        <line num="246" count="2" type="stmt"/>
        <line num="248" count="2" type="stmt"/>
        <line num="249" count="2" type="cond" truecount="1" falsecount="1"/>
        <line num="250" count="2" type="stmt"/>
        <line num="254" count="2" type="stmt"/>
        <line num="255" count="4" type="stmt"/>
        <line num="257" count="2" type="stmt"/>
        <line num="262" count="2" type="stmt"/>
        <line num="273" count="6" type="stmt"/>
        <line num="274" count="2" type="cond" truecount="1" falsecount="0"/>
        <line num="275" count="2" type="stmt"/>
        <line num="283" count="6" type="stmt"/>
        <line num="284" count="1" type="cond" truecount="1" falsecount="0"/>
        <line num="285" count="1" type="stmt"/>
        <line num="287" count="6" type="stmt"/>
      </file>
      <file name="MilvusIndex.ts" path="/Users/nameczz/Working/milvus-node-sdk/milvus/MilvusIndex.ts">
        <metrics statements="19" coveredstatements="19" conditionals="5" coveredconditionals="5" methods="6" coveredmethods="6"/>
        <line num="1" count="6" type="stmt"/>
        <line num="2" count="6" type="stmt"/>
        <line num="17" count="6" type="stmt"/>
        <line num="25" count="6" type="stmt"/>
        <line num="26" count="1" type="cond" truecount="1" falsecount="0"/>
        <line num="27" count="1" type="stmt"/>
        <line num="35" count="6" type="stmt"/>
        <line num="36" count="2" type="cond" truecount="1" falsecount="0"/>
        <line num="37" count="2" type="stmt"/>
        <line num="45" count="6" type="stmt"/>
        <line num="46" count="1" type="cond" truecount="1" falsecount="0"/>
        <line num="47" count="1" type="stmt"/>
        <line num="56" count="6" type="stmt"/>
        <line num="59" count="1" type="cond" truecount="1" falsecount="0"/>
        <line num="60" count="1" type="stmt"/>
        <line num="68" count="6" type="stmt"/>
        <line num="69" count="1" type="cond" truecount="1" falsecount="0"/>
        <line num="70" count="1" type="stmt"/>
        <line num="72" count="6" type="stmt"/>
      </file>
      <file name="Partition.ts" path="/Users/nameczz/Working/milvus-node-sdk/milvus/Partition.ts">
        <metrics statements="27" coveredstatements="27" conditionals="7" coveredconditionals="7" methods="8" coveredmethods="8"/>
        <line num="1" count="6" type="stmt"/>
        <line num="2" count="6" type="stmt"/>
        <line num="17" count="6" type="stmt"/>
        <line num="19" count="6" type="stmt"/>
        <line num="25" count="6" type="stmt"/>
        <line num="26" count="3" type="cond" truecount="1" falsecount="0"/>
        <line num="27" count="3" type="stmt"/>
        <line num="35" count="6" type="stmt"/>
        <line num="36" count="3" type="cond" truecount="1" falsecount="0"/>
        <line num="37" count="3" type="stmt"/>
        <line num="46" count="6" type="stmt"/>
        <line num="49" count="1" type="cond" truecount="1" falsecount="0"/>
        <line num="50" count="1" type="stmt"/>
        <line num="58" count="6" type="stmt"/>
        <line num="61" count="1" type="cond" truecount="1" falsecount="0"/>
        <line num="66" count="1" type="stmt"/>
        <line num="67" count="1" type="stmt"/>
        <line num="75" count="6" type="stmt"/>
        <line num="76" count="1" type="cond" truecount="1" falsecount="0"/>
        <line num="77" count="1" type="stmt"/>
        <line num="85" count="6" type="stmt"/>
        <line num="86" count="1" type="cond" truecount="1" falsecount="0"/>
        <line num="87" count="1" type="stmt"/>
        <line num="96" count="6" type="stmt"/>
        <line num="97" count="1" type="cond" truecount="1" falsecount="0"/>
        <line num="98" count="1" type="stmt"/>
        <line num="100" count="6" type="stmt"/>
      </file>
      <file name="index.ts" path="/Users/nameczz/Working/milvus-node-sdk/milvus/index.ts">
        <metrics statements="19" coveredstatements="19" conditionals="0" coveredconditionals="0" methods="2" coveredmethods="2"/>
        <line num="1" count="6" type="stmt"/>
        <line num="2" count="6" type="stmt"/>
        <line num="3" count="6" type="stmt"/>
        <line num="5" count="6" type="stmt"/>
        <line num="6" count="6" type="stmt"/>
        <line num="7" count="6" type="stmt"/>
        <line num="8" count="6" type="stmt"/>
        <line num="10" count="6" type="stmt"/>
        <line num="11" count="6" type="stmt"/>
        <line num="27" count="6" type="stmt"/>
        <line num="34" count="6" type="stmt"/>
        <line num="35" count="6" type="stmt"/>
        <line num="36" count="6" type="stmt"/>
        <line num="41" count="6" type="stmt"/>
        <line num="42" count="6" type="stmt"/>
        <line num="43" count="6" type="stmt"/>
        <line num="44" count="6" type="stmt"/>
        <line num="45" count="6" type="stmt"/>
        <line num="47" count="6" type="stmt"/>
      </file>
    </package>
    <package name="milvus.const">
      <metrics statements="13" coveredstatements="13" conditionals="2" coveredconditionals="2" methods="1" coveredmethods="1"/>
      <file name="ErrorReason.ts" path="/Users/nameczz/Working/milvus-node-sdk/milvus/const/ErrorReason.ts">
        <metrics statements="13" coveredstatements="13" conditionals="2" coveredconditionals="2" methods="1" coveredmethods="1"/>
        <line num="1" count="6" type="cond" truecount="2" falsecount="0"/>
        <line num="2" count="6" type="stmt"/>
        <line num="3" count="6" type="stmt"/>
        <line num="4" count="6" type="stmt"/>
        <line num="5" count="6" type="stmt"/>
        <line num="6" count="6" type="stmt"/>
        <line num="8" count="6" type="stmt"/>
        <line num="10" count="6" type="stmt"/>
        <line num="11" count="6" type="stmt"/>
        <line num="12" count="6" type="stmt"/>
        <line num="14" count="6" type="stmt"/>
        <line num="15" count="6" type="stmt"/>
        <line num="16" count="6" type="stmt"/>
      </file>
    </package>
    <package name="milvus.types">
      <metrics statements="91" coveredstatements="91" conditionals="16" coveredconditionals="16" methods="8" coveredmethods="8"/>
      <file name="Collection.ts" path="/Users/nameczz/Working/milvus-node-sdk/milvus/types/Collection.ts">
        <metrics statements="3" coveredstatements="3" conditionals="2" coveredconditionals="2" methods="1" coveredmethods="1"/>
        <line num="17" count="6" type="cond" truecount="2" falsecount="0"/>
        <line num="18" count="6" type="stmt"/>
        <line num="19" count="6" type="stmt"/>
      </file>
      <file name="Common.ts" path="/Users/nameczz/Working/milvus-node-sdk/milvus/types/Common.ts">
        <metrics statements="85" coveredstatements="85" conditionals="12" coveredconditionals="12" methods="6" coveredmethods="6"/>
        <line num="1" count="6" type="cond" truecount="2" falsecount="0"/>
        <line num="2" count="6" type="stmt"/>
        <line num="4" count="6" type="stmt"/>
        <line num="6" count="6" type="stmt"/>
        <line num="8" count="6" type="stmt"/>
        <line num="10" count="6" type="stmt"/>
        <line num="12" count="6" type="stmt"/>
        <line num="14" count="6" type="stmt"/>
        <line num="16" count="6" type="stmt"/>
        <line num="19" count="6" type="cond" truecount="2" falsecount="0"/>
        <line num="21" count="6" type="stmt"/>
        <line num="23" count="6" type="stmt"/>
        <line num="25" count="6" type="stmt"/>
        <line num="27" count="6" type="stmt"/>
        <line num="29" count="6" type="stmt"/>
        <line num="31" count="6" type="stmt"/>
        <line num="33" count="6" type="stmt"/>
        <line num="35" count="6" type="stmt"/>
        <line num="37" count="6" type="stmt"/>
        <line num="39" count="6" type="stmt"/>
        <line num="41" count="6" type="stmt"/>
        <line num="44" count="6" type="cond" truecount="2" falsecount="0"/>
        <line num="45" count="6" type="stmt"/>
        <line num="47" count="6" type="stmt"/>
        <line num="48" count="6" type="stmt"/>
        <line num="49" count="6" type="stmt"/>
        <line num="50" count="6" type="stmt"/>
        <line num="51" count="6" type="stmt"/>
        <line num="52" count="6" type="stmt"/>
        <line num="53" count="6" type="stmt"/>
        <line num="54" count="6" type="stmt"/>
        <line num="57" count="6" type="stmt"/>
        <line num="58" count="6" type="stmt"/>
        <line num="59" count="6" type="stmt"/>
        <line num="60" count="6" type="stmt"/>
        <line num="61" count="6" type="stmt"/>
        <line num="62" count="6" type="stmt"/>
        <line num="63" count="6" type="stmt"/>
        <line num="66" count="6" type="stmt"/>
        <line num="67" count="6" type="stmt"/>
        <line num="70" count="6" type="stmt"/>
        <line num="71" count="6" type="stmt"/>
        <line num="72" count="6" type="stmt"/>
        <line num="75" count="6" type="stmt"/>
        <line num="76" count="6" type="stmt"/>
        <line num="77" count="6" type="stmt"/>
        <line num="80" count="6" type="stmt"/>
        <line num="81" count="6" type="stmt"/>
        <line num="82" count="6" type="stmt"/>
        <line num="83" count="6" type="stmt"/>
        <line num="84" count="6" type="stmt"/>
        <line num="85" count="6" type="stmt"/>
        <line num="86" count="6" type="stmt"/>
        <line num="87" count="6" type="stmt"/>
        <line num="90" count="6" type="stmt"/>
        <line num="93" count="6" type="stmt"/>
        <line num="94" count="6" type="stmt"/>
        <line num="95" count="6" type="stmt"/>
        <line num="96" count="6" type="stmt"/>
        <line num="97" count="6" type="stmt"/>
        <line num="98" count="6" type="stmt"/>
        <line num="99" count="6" type="stmt"/>
        <line num="100" count="6" type="stmt"/>
        <line num="112" count="6" type="cond" truecount="2" falsecount="0"/>
        <line num="113" count="6" type="stmt"/>
        <line num="114" count="6" type="stmt"/>
        <line num="115" count="6" type="stmt"/>
        <line num="116" count="6" type="stmt"/>
        <line num="117" count="6" type="stmt"/>
        <line num="118" count="6" type="stmt"/>
        <line num="120" count="6" type="stmt"/>
        <line num="121" count="6" type="stmt"/>
        <line num="123" count="6" type="stmt"/>
        <line num="125" count="6" type="stmt"/>
        <line num="126" count="6" type="stmt"/>
        <line num="129" count="6" type="stmt"/>
        <line num="148" count="6" type="cond" truecount="2" falsecount="0"/>
        <line num="149" count="6" type="stmt"/>
        <line num="150" count="6" type="stmt"/>
        <line num="151" count="6" type="stmt"/>
        <line num="152" count="6" type="stmt"/>
        <line num="153" count="6" type="stmt"/>
        <line num="156" count="6" type="cond" truecount="2" falsecount="0"/>
        <line num="157" count="6" type="stmt"/>
        <line num="158" count="6" type="stmt"/>
      </file>
      <file name="Response.ts" path="/Users/nameczz/Working/milvus-node-sdk/milvus/types/Response.ts">
        <metrics statements="3" coveredstatements="3" conditionals="2" coveredconditionals="2" methods="1" coveredmethods="1"/>
        <line num="8" count="6" type="cond" truecount="2" falsecount="0"/>
        <line num="9" count="6" type="stmt"/>
        <line num="10" count="6" type="stmt"/>
      </file>
    </package>
    <package name="milvus.utils">
      <metrics statements="33" coveredstatements="33" conditionals="24" coveredconditionals="23" methods="10" coveredmethods="10"/>
      <file name="Blob.ts" path="/Users/nameczz/Working/milvus-node-sdk/milvus/utils/Blob.ts">
        <metrics statements="6" coveredstatements="6" conditionals="0" coveredconditionals="0" methods="2" coveredmethods="2"/>
        <line num="1" count="6" type="stmt"/>
        <line num="3" count="1" type="stmt"/>
        <line num="5" count="1" type="stmt"/>
        <line num="8" count="6" type="stmt"/>
        <line num="10" count="2" type="stmt"/>
        <line num="12" count="2" type="stmt"/>
      </file>
      <file name="Format.ts" path="/Users/nameczz/Working/milvus-node-sdk/milvus/utils/Format.ts">
        <metrics statements="7" coveredstatements="7" conditionals="0" coveredconditionals="0" methods="2" coveredmethods="2"/>
        <line num="1" count="6" type="stmt"/>
        <line num="10" count="6" type="stmt"/>
        <line num="11" count="2" type="stmt"/>
        <line num="12" count="2" type="stmt"/>
        <line num="13" count="2" type="stmt"/>
        <line num="14" count="2" type="stmt"/>
        <line num="17" count="2" type="stmt"/>
      </file>
      <file name="Validate.ts" path="/Users/nameczz/Working/milvus-node-sdk/milvus/utils/Validate.ts">
        <metrics statements="18" coveredstatements="18" conditionals="20" coveredconditionals="19" methods="4" coveredmethods="4"/>
        <line num="1" count="6" type="stmt"/>
        <line num="2" count="6" type="stmt"/>
        <line num="4" count="6" type="stmt"/>
        <line num="13" count="6" type="stmt"/>
        <line num="14" count="13" type="stmt"/>
        <line num="16" count="24" type="cond" truecount="4" falsecount="0"/>
        <line num="17" count="1" type="stmt"/>
        <line num="19" count="12" type="cond" truecount="2" falsecount="0"/>
        <line num="21" count="12" type="cond" truecount="1" falsecount="1"/>
        <line num="24" count="1" type="stmt"/>
        <line num="27" count="11" type="stmt"/>
        <line num="28" count="25" type="cond" truecount="4" falsecount="0"/>
        <line num="29" count="11" type="stmt"/>
        <line num="32" count="11" type="cond" truecount="2" falsecount="0"/>
        <line num="33" count="1" type="stmt"/>
        <line num="35" count="10" type="cond" truecount="4" falsecount="0"/>
        <line num="36" count="1" type="stmt"/>
        <line num="41" count="9" type="stmt"/>
      </file>
      <file name="index.ts" path="/Users/nameczz/Working/milvus-node-sdk/milvus/utils/index.ts">
        <metrics statements="2" coveredstatements="2" conditionals="4" coveredconditionals="4" methods="2" coveredmethods="2"/>
        <line num="3" count="6" type="stmt"/>
        <line num="4" count="37" type="cond" truecount="4" falsecount="0"/>
      </file>
    </package>
    <package name="utils">
      <metrics statements="21" coveredstatements="18" conditionals="4" coveredconditionals="3" methods="7" coveredmethods="6"/>
      <file name="index.ts" path="/Users/nameczz/Working/milvus-node-sdk/utils/index.ts">
        <metrics statements="21" coveredstatements="18" conditionals="4" coveredconditionals="3" methods="7" coveredmethods="6"/>
        <line num="1" count="6" type="stmt"/>
        <line num="2" count="65" type="stmt"/>
        <line num="3" count="65" type="stmt"/>
        <line num="4" count="65" type="stmt"/>
        <line num="5" count="65" type="cond" truecount="1" falsecount="1"/>
        <line num="6" count="0" type="stmt"/>
        <line num="8" count="65" type="stmt"/>
        <line num="11" count="0" type="stmt"/>
        <line num="14" count="0" type="stmt"/>
        <line num="17" count="65" type="stmt"/>
        <line num="20" count="6" type="stmt"/>
        <line num="24" count="7" type="stmt"/>
        <line num="25" count="7" type="stmt"/>
        <line num="26" count="70" type="stmt"/>
        <line num="28" count="70" type="stmt"/>
        <line num="29" count="570" type="stmt"/>
        <line num="30" count="190" type="stmt"/>
        <line num="31" count="380" type="cond" truecount="2" falsecount="0"/>
        <line num="34" count="70" type="stmt"/>
        <line num="35" count="70" type="stmt"/>
        <line num="37" count="7" type="stmt"/>
      </file>
    </package>
  </project>
</coverage>
