{"/Users/nameczz/Working/milvus-node-sdk/const/index.ts": {"path":"/Users/nameczz/Working/milvus-node-sdk/const/index.ts","statementMap":{"0":{"start":{"line":3,"column":13},"end":{"line":3,"column":36}},"1":{"start":{"line":5,"column":13},"end":{"line":5,"column":27}},"2":{"start":{"line":7,"column":13},"end":{"line":7,"column":36}},"3":{"start":{"line":9,"column":29},"end":{"line":10,"column":5}},"4":{"start":{"line":9,"column":30},"end":{"line":9,"column":null}},"5":{"start":{"line":10,"column":2},"end":{"line":10,"column":54}},"6":{"start":{"line":9,"column":13},"end":{"line":9,"column":29}},"7":{"start":{"line":12,"column":13},"end":{"line":12,"column":38}}},"fnMap":{"0":{"name":"(anonymous_0)","decl":{"start":{"line":9,"column":29},"end":{"line":9,"column":30}},"loc":{"start":{"line":9,"column":48},"end":{"line":10,"column":5}}}},"branchMap":{"0":{"loc":{"start":{"line":9,"column":30},"end":{"line":9,"column":null}},"type":"if","locations":[{"start":{"line":9,"column":30},"end":{"line":9,"column":null}},{"start":{"line":9,"column":30},"end":{"line":9,"column":null}}]}},"s":{"0":6,"1":6,"2":6,"3":6,"4":17,"5":9,"6":6,"7":6},"f":{"0":9},"b":{"0":[8,1]}}
,"/Users/nameczz/Working/milvus-node-sdk/milvus/Client.ts": {"path":"/Users/nameczz/Working/milvus-node-sdk/milvus/Client.ts","statementMap":{"0":{"start":{"line":1,"column":0},"end":{"line":1,"column":13}},"1":{"start":{"line":5,"column":4},"end":{"line":5,"column":25}},"2":{"start":{"line":7,"column":0},"end":{"line":7,"column":null}},"3":{"start":{"line":1,"column":13},"end":{"line":1,"column":19}}},"fnMap":{"0":{"name":"(anonymous_0)","decl":{"start":{"line":1,"column":0},"end":{"line":1,"column":13}},"loc":{"start":{"line":1,"column":0},"end":{"line":7,"column":null}}},"1":{"name":"Client","decl":{"start":{"line":4,"column":2},"end":{"line":4,"column":14}},"loc":{"start":{"line":4,"column":25},"end":{"line":6,"column":3}}}},"branchMap":{},"s":{"0":6,"1":24,"2":6,"3":6},"f":{"0":6,"1":24},"b":{}}
,"/Users/nameczz/Working/milvus-node-sdk/milvus/Collection.ts": {"path":"/Users/nameczz/Working/milvus-node-sdk/milvus/Collection.ts","statementMap":{"0":{"start":{"line":1,"column":0},"end":{"line":1,"column":66}},"1":{"start":{"line":2,"column":0},"end":{"line":2,"column":37}},"2":{"start":{"line":3,"column":0},"end":{"line":3,"column":52}},"3":{"start":{"line":4,"column":0},"end":{"line":4,"column":null}},"4":{"start":{"line":22,"column":0},"end":{"line":22,"column":57}},"5":{"start":{"line":23,"column":0},"end":{"line":23,"column":24}},"6":{"start":{"line":24,"column":0},"end":{"line":24,"column":52}},"7":{"start":{"line":25,"column":0},"end":{"line":25,"column":34}},"8":{"start":{"line":27,"column":19},"end":{"line":27,"column":72}},"9":{"start":{"line":29,"column":0},"end":{"line":29,"column":null}},"10":{"start":{"line":29,"column":32},"end":{"line":29,"column":38}},"11":{"start":{"line":37,"column":8},"end":{"line":79,"column":null}},"12":{"start":{"line":38,"column":12},"end":{"line":38,"column":53}},"13":{"start":{"line":39,"column":4},"end":{"line":41,"column":null}},"14":{"start":{"line":40,"column":6},"end":{"line":40,"column":77}},"15":{"start":{"line":42,"column":4},"end":{"line":42,"column":34}},"16":{"start":{"line":44,"column":17},"end":{"line":44,"column":null}},"17":{"start":{"line":44,"column":10},"end":{"line":44,"column":null}},"18":{"start":{"line":45,"column":4},"end":{"line":45,"column":53}},"19":{"start":{"line":45,"column":15},"end":{"line":45,"column":53}},"20":{"start":{"line":47,"column":10},"end":{"line":49,"column":6}},"21":{"start":{"line":51,"column":10},"end":{"line":51,"column":75}},"22":{"start":{"line":53,"column":8},"end":{"line":57,"column":6}},"23":{"start":{"line":59,"column":4},"end":{"line":69,"column":7}},"24":{"start":{"line":60,"column":17},"end":{"line":64,"column":null}},"25":{"start":{"line":66,"column":26},"end":{"line":66,"column":51}},"26":{"start":{"line":68,"column":6},"end":{"line":68,"column":39}},"27":{"start":{"line":71,"column":10},"end":{"line":71,"column":62}},"28":{"start":{"line":72,"column":10},"end":{"line":72,"column":75}},"29":{"start":{"line":73,"column":20},"end":{"line":76,"column":null}},"30":{"start":{"line":73,"column":10},"end":{"line":76,"column":null}},"31":{"start":{"line":78,"column":4},"end":{"line":78,"column":19}},"32":{"start":{"line":86,"column":8},"end":{"line":92,"column":null}},"33":{"start":{"line":87,"column":4},"end":{"line":89,"column":null}},"34":{"start":{"line":88,"column":6},"end":{"line":88,"column":58}},"35":{"start":{"line":90,"column":20},"end":{"line":90,"column":null}},"36":{"start":{"line":90,"column":10},"end":{"line":90,"column":null}},"37":{"start":{"line":91,"column":4},"end":{"line":91,"column":19}},"38":{"start":{"line":98,"column":8},"end":{"line":105,"column":null}},"39":{"start":{"line":101,"column":20},"end":{"line":103,"column":null}},"40":{"start":{"line":101,"column":10},"end":{"line":103,"column":null}},"41":{"start":{"line":104,"column":4},"end":{"line":104,"column":19}},"42":{"start":{"line":112,"column":8},"end":{"line":117,"column":null}},"43":{"start":{"line":115,"column":20},"end":{"line":115,"column":null}},"44":{"start":{"line":115,"column":10},"end":{"line":115,"column":null}},"45":{"start":{"line":116,"column":4},"end":{"line":116,"column":19}},"46":{"start":{"line":125,"column":8},"end":{"line":137,"column":null}},"47":{"start":{"line":128,"column":20},"end":{"line":132,"column":null}},"48":{"start":{"line":128,"column":10},"end":{"line":132,"column":null}},"49":{"start":{"line":134,"column":4},"end":{"line":134,"column":68}},"50":{"start":{"line":136,"column":4},"end":{"line":136,"column":19}},"51":{"start":{"line":144,"column":8},"end":{"line":147,"column":null}},"52":{"start":{"line":145,"column":20},"end":{"line":145,"column":null}},"53":{"start":{"line":145,"column":10},"end":{"line":145,"column":null}},"54":{"start":{"line":146,"column":4},"end":{"line":146,"column":19}},"55":{"start":{"line":155,"column":8},"end":{"line":158,"column":null}},"56":{"start":{"line":156,"column":20},"end":{"line":156,"column":null}},"57":{"start":{"line":156,"column":10},"end":{"line":156,"column":null}},"58":{"start":{"line":157,"column":4},"end":{"line":157,"column":19}},"59":{"start":{"line":165,"column":8},"end":{"line":168,"column":null}},"60":{"start":{"line":166,"column":20},"end":{"line":166,"column":null}},"61":{"start":{"line":166,"column":10},"end":{"line":166,"column":null}},"62":{"start":{"line":167,"column":4},"end":{"line":167,"column":19}},"63":{"start":{"line":169,"column":0},"end":{"line":169,"column":null}},"64":{"start":{"line":29,"column":13},"end":{"line":29,"column":23}}},"fnMap":{"0":{"name":"(anonymous_22)","decl":{"start":{"line":29,"column":0},"end":{"line":29,"column":13}},"loc":{"start":{"line":29,"column":0},"end":{"line":169,"column":null}}},"1":{"name":"(anonymous_24)","decl":{"start":{"line":37,"column":2},"end":{"line":37,"column":8}},"loc":{"start":{"line":37,"column":50},"end":{"line":79,"column":null}}},"2":{"name":"(anonymous_27)","decl":{"start":{"line":59,"column":24},"end":{"line":59,"column":25}},"loc":{"start":{"line":59,"column":30},"end":{"line":69,"column":5}}},"3":{"name":"(anonymous_28)","decl":{"start":{"line":86,"column":2},"end":{"line":86,"column":8}},"loc":{"start":{"line":86,"column":44},"end":{"line":92,"column":null}}},"4":{"name":"(anonymous_31)","decl":{"start":{"line":98,"column":2},"end":{"line":98,"column":8}},"loc":{"start":{"line":99,"column":29},"end":{"line":105,"column":null}}},"5":{"name":"(anonymous_34)","decl":{"start":{"line":112,"column":2},"end":{"line":112,"column":8}},"loc":{"start":{"line":113,"column":31},"end":{"line":117,"column":null}}},"6":{"name":"(anonymous_37)","decl":{"start":{"line":125,"column":2},"end":{"line":125,"column":8}},"loc":{"start":{"line":126,"column":36},"end":{"line":137,"column":null}}},"7":{"name":"(anonymous_40)","decl":{"start":{"line":144,"column":2},"end":{"line":144,"column":8}},"loc":{"start":{"line":144,"column":46},"end":{"line":147,"column":null}}},"8":{"name":"(anonymous_43)","decl":{"start":{"line":155,"column":2},"end":{"line":155,"column":8}},"loc":{"start":{"line":155,"column":56},"end":{"line":158,"column":null}}},"9":{"name":"(anonymous_46)","decl":{"start":{"line":165,"column":2},"end":{"line":165,"column":8}},"loc":{"start":{"line":165,"column":46},"end":{"line":168,"column":null}}}},"branchMap":{"0":{"loc":{"start":{"line":39,"column":4},"end":{"line":41,"column":null}},"type":"if","locations":[{"start":{"line":39,"column":4},"end":{"line":41,"column":null}},{"start":{"line":39,"column":4},"end":{"line":41,"column":null}}]},"1":{"loc":{"start":{"line":39,"column":8},"end":{"line":39,"column":15}},"type":"binary-expr","locations":[{"start":{"line":39,"column":8},"end":{"line":39,"column":15}},{"start":{"line":39,"column":19},"end":{"line":39,"column":33}},{"start":{"line":39,"column":37},"end":{"line":39,"column":53}}]},"2":{"loc":{"start":{"line":45,"column":4},"end":{"line":45,"column":53}},"type":"if","locations":[{"start":{"line":45,"column":4},"end":{"line":45,"column":53}},{"start":{"line":45,"column":4},"end":{"line":45,"column":53}}]},"3":{"loc":{"start":{"line":55,"column":19},"end":{"line":55,"column":30}},"type":"binary-expr","locations":[{"start":{"line":55,"column":19},"end":{"line":55,"column":30}},{"start":{"line":55,"column":34},"end":{"line":55,"column":36}}]},"4":{"loc":{"start":{"line":87,"column":4},"end":{"line":89,"column":null}},"type":"if","locations":[{"start":{"line":87,"column":4},"end":{"line":89,"column":null}},{"start":{"line":87,"column":4},"end":{"line":89,"column":null}}]},"5":{"loc":{"start":{"line":101,"column":20},"end":{"line":103,"column":null}},"type":"switch","locations":[{"start":{"line":101,"column":20},"end":{"line":103,"column":null}}]},"6":{"loc":{"start":{"line":102,"column":19},"end":{"line":102,"column":28}},"type":"cond-expr","locations":[{"start":{"line":102,"column":19},"end":{"line":102,"column":28}},{"start":{"line":102,"column":31},"end":{"line":102,"column":54}}]},"7":{"loc":{"start":{"line":115,"column":20},"end":{"line":115,"column":null}},"type":"switch","locations":[{"start":{"line":115,"column":20},"end":{"line":115,"column":null}}]},"8":{"loc":{"start":{"line":128,"column":20},"end":{"line":132,"column":null}},"type":"switch","locations":[{"start":{"line":128,"column":20},"end":{"line":132,"column":null}}]},"9":{"loc":{"start":{"line":145,"column":20},"end":{"line":145,"column":null}},"type":"switch","locations":[{"start":{"line":145,"column":20},"end":{"line":145,"column":null}}]},"10":{"loc":{"start":{"line":156,"column":20},"end":{"line":156,"column":null}},"type":"switch","locations":[{"start":{"line":156,"column":20},"end":{"line":156,"column":null}}]},"11":{"loc":{"start":{"line":166,"column":20},"end":{"line":166,"column":null}},"type":"switch","locations":[{"start":{"line":166,"column":20},"end":{"line":166,"column":null}}]}},"s":{"0":6,"1":6,"2":6,"3":6,"4":6,"5":6,"6":6,"7":6,"8":6,"9":6,"10":6,"11":6,"12":13,"13":13,"14":0,"15":13,"16":9,"17":9,"18":9,"19":0,"20":9,"21":9,"22":9,"23":9,"24":23,"25":23,"26":23,"27":9,"28":9,"29":9,"30":9,"31":9,"32":6,"33":2,"34":0,"35":2,"36":2,"37":2,"38":6,"39":2,"40":2,"41":2,"42":6,"43":10,"44":10,"45":10,"46":6,"47":1,"48":1,"49":1,"50":1,"51":6,"52":4,"53":4,"54":4,"55":6,"56":1,"57":1,"58":1,"59":6,"60":9,"61":9,"62":9,"63":6,"64":6},"f":{"0":12,"1":13,"2":23,"3":2,"4":2,"5":10,"6":1,"7":4,"8":1,"9":9},"b":{"0":[0,13],"1":[13,13,13],"2":[0,9],"3":[9,7],"4":[0,2],"5":[2],"6":[1,1],"7":[10],"8":[1],"9":[4],"10":[1],"11":[9]}}
,"/Users/nameczz/Working/milvus-node-sdk/milvus/Data.ts": {"path":"/Users/nameczz/Working/milvus-node-sdk/milvus/Data.ts","statementMap":{"0":{"start":{"line":1,"column":0},"end":{"line":1,"column":66}},"1":{"start":{"line":2,"column":0},"end":{"line":2,"column":37}},"2":{"start":{"line":3,"column":0},"end":{"line":3,"column":34}},"3":{"start":{"line":5,"column":0},"end":{"line":5,"column":52}},"4":{"start":{"line":7,"column":0},"end":{"line":7,"column":64}},"5":{"start":{"line":9,"column":0},"end":{"line":9,"column":76}},"6":{"start":{"line":11,"column":0},"end":{"line":11,"column":39}},"7":{"start":{"line":12,"column":0},"end":{"line":12,"column":null}},"8":{"start":{"line":16,"column":0},"end":{"line":16,"column":24}},"9":{"start":{"line":18,"column":18},"end":{"line":18,"column":71}},"10":{"start":{"line":20,"column":0},"end":{"line":20,"column":null}},"11":{"start":{"line":20,"column":26},"end":{"line":20,"column":32}},"12":{"start":{"line":25,"column":4},"end":{"line":25,"column":null}},"13":{"start":{"line":26,"column":4},"end":{"line":26,"column":69}},"14":{"start":{"line":27,"column":4},"end":{"line":27,"column":47}},"15":{"start":{"line":38,"column":8},"end":{"line":155,"column":null}},"16":{"start":{"line":39,"column":12},"end":{"line":39,"column":32}},"17":{"start":{"line":40,"column":27},"end":{"line":42,"column":null}},"18":{"start":{"line":40,"column":10},"end":{"line":42,"column":null}},"19":{"start":{"line":44,"column":4},"end":{"line":46,"column":null}},"20":{"start":{"line":45,"column":6},"end":{"line":45,"column":52}},"21":{"start":{"line":50,"column":10},"end":{"line":57,"column":10}},"22":{"start":{"line":51,"column":21},"end":{"line":51,"column":52}},"23":{"start":{"line":52,"column":18},"end":{"line":57,"column":9}},"24":{"start":{"line":60,"column":10},"end":{"line":60,"column":71}},"25":{"start":{"line":63,"column":4},"end":{"line":94,"column":7}},"26":{"start":{"line":65,"column":25},"end":{"line":65,"column":39}},"27":{"start":{"line":67,"column":6},"end":{"line":93,"column":9}},"28":{"start":{"line":68,"column":23},"end":{"line":68,"column":68}},"29":{"start":{"line":68,"column":49},"end":{"line":68,"column":68}},"30":{"start":{"line":69,"column":8},"end":{"line":71,"column":null}},"31":{"start":{"line":70,"column":10},"end":{"line":70,"column":76}},"32":{"start":{"line":72,"column":25},"end":{"line":73,"column":null}},"33":{"start":{"line":77,"column":8},"end":{"line":82,"column":null}},"34":{"start":{"line":81,"column":10},"end":{"line":81,"column":64}},"35":{"start":{"line":86,"column":8},"end":{"line":92,"column":null}},"36":{"start":{"line":87,"column":10},"end":{"line":89,"column":null}},"37":{"start":{"line":87,"column":26},"end":{"line":87,"column":27}},"38":{"start":{"line":87,"column":26},"end":{"line":87,"column":33}},"39":{"start":{"line":87,"column":22},"end":{"line":87,"column":26}},"40":{"start":{"line":88,"column":12},"end":{"line":88,"column":35}},"41":{"start":{"line":91,"column":10},"end":{"line":91,"column":36}},"42":{"start":{"line":96,"column":4},"end":{"line":150,"column":7}},"43":{"start":{"line":99,"column":19},"end":{"line":99,"column":52}},"44":{"start":{"line":100,"column":6},"end":{"line":101,"column":null}},"45":{"start":{"line":102,"column":18},"end":{"line":102,"column":73}},"46":{"start":{"line":103,"column":20},"end":{"line":103,"column":34}},"47":{"start":{"line":104,"column":6},"end":{"line":127,"column":null}},"48":{"start":{"line":106,"column":10},"end":{"line":106,"column":35}},"49":{"start":{"line":107,"column":10},"end":{"line":107,"column":16}},"50":{"start":{"line":109,"column":10},"end":{"line":109,"column":36}},"51":{"start":{"line":110,"column":10},"end":{"line":110,"column":16}},"52":{"start":{"line":112,"column":10},"end":{"line":112,"column":34}},"53":{"start":{"line":113,"column":10},"end":{"line":113,"column":16}},"54":{"start":{"line":115,"column":10},"end":{"line":115,"column":33}},"55":{"start":{"line":116,"column":10},"end":{"line":116,"column":16}},"56":{"start":{"line":118,"column":10},"end":{"line":118,"column":32}},"57":{"start":{"line":119,"column":10},"end":{"line":119,"column":16}},"58":{"start":{"line":123,"column":10},"end":{"line":123,"column":31}},"59":{"start":{"line":124,"column":10},"end":{"line":124,"column":16}},"60":{"start":{"line":126,"column":10},"end":{"line":126,"column":16}},"61":{"start":{"line":128,"column":6},"end":{"line":149,"column":null}},"62":{"start":{"line":152,"column":20},"end":{"line":152,"column":null}},"63":{"start":{"line":152,"column":10},"end":{"line":152,"column":null}},"64":{"start":{"line":154,"column":4},"end":{"line":154,"column":19}},"65":{"start":{"line":162,"column":8},"end":{"line":266,"column":null}},"66":{"start":{"line":163,"column":17},"end":{"line":163,"column":null}},"67":{"start":{"line":163,"column":10},"end":{"line":163,"column":null}},"68":{"start":{"line":164,"column":4},"end":{"line":164,"column":60}},"69":{"start":{"line":164,"column":15},"end":{"line":164,"column":60}},"70":{"start":{"line":165,"column":4},"end":{"line":166,"column":61}},"71":{"start":{"line":166,"column":6},"end":{"line":166,"column":61}},"72":{"start":{"line":168,"column":27},"end":{"line":170,"column":null}},"73":{"start":{"line":168,"column":10},"end":{"line":170,"column":null}},"74":{"start":{"line":173,"column":10},"end":{"line":173,"column":75}},"75":{"start":{"line":174,"column":10},"end":{"line":176,"column":6}},"76":{"start":{"line":175,"column":13},"end":{"line":175,"column":null}},"77":{"start":{"line":177,"column":4},"end":{"line":179,"column":null}},"78":{"start":{"line":178,"column":6},"end":{"line":178,"column":66}},"79":{"start":{"line":181,"column":10},"end":{"line":181,"column":61}},"80":{"start":{"line":182,"column":10},"end":{"line":182,"column":72}},"81":{"start":{"line":183,"column":10},"end":{"line":184,"column":75}},"82":{"start":{"line":186,"column":4},"end":{"line":188,"column":null}},"83":{"start":{"line":187,"column":6},"end":{"line":187,"column":58}},"84":{"start":{"line":191,"column":10},"end":{"line":193,"column":6}},"85":{"start":{"line":195,"column":10},"end":{"line":207,"column":7}},"86":{"start":{"line":201,"column":12},"end":{"line":203,"column":null}},"87":{"start":{"line":209,"column":10},"end":{"line":211,"column":15}},"88":{"start":{"line":213,"column":31},"end":{"line":218,"column":null}},"89":{"start":{"line":213,"column":10},"end":{"line":218,"column":null}},"90":{"start":{"line":219,"column":10},"end":{"line":219,"column":30}},"91":{"start":{"line":220,"column":4},"end":{"line":260,"column":null}},"92":{"start":{"line":227,"column":12},"end":{"line":227,"column":50}},"93":{"start":{"line":228,"column":12},"end":{"line":236,"column":9}},"94":{"start":{"line":230,"column":22},"end":{"line":230,"column":63}},"95":{"start":{"line":231,"column":8},"end":{"line":235,"column":10}},"96":{"start":{"line":238,"column":12},"end":{"line":238,"column":45}},"97":{"start":{"line":245,"column":6},"end":{"line":259,"column":9}},"98":{"start":{"line":246,"column":21},"end":{"line":246,"column":30}},"99":{"start":{"line":248,"column":8},"end":{"line":258,"column":11}},"100":{"start":{"line":249,"column":20},"end":{"line":249,"column":64}},"101":{"start":{"line":250,"column":30},"end":{"line":253,"column":12}},"102":{"start":{"line":254,"column":10},"end":{"line":256,"column":13}},"103":{"start":{"line":255,"column":12},"end":{"line":255,"column":53}},"104":{"start":{"line":257,"column":10},"end":{"line":257,"column":31}},"105":{"start":{"line":262,"column":4},"end":{"line":265,"column":6}},"106":{"start":{"line":273,"column":8},"end":{"line":276,"column":null}},"107":{"start":{"line":274,"column":16},"end":{"line":274,"column":null}},"108":{"start":{"line":274,"column":10},"end":{"line":274,"column":null}},"109":{"start":{"line":275,"column":4},"end":{"line":275,"column":15}},"110":{"start":{"line":283,"column":8},"end":{"line":286,"column":null}},"111":{"start":{"line":284,"column":20},"end":{"line":284,"column":null}},"112":{"start":{"line":284,"column":10},"end":{"line":284,"column":null}},"113":{"start":{"line":285,"column":4},"end":{"line":285,"column":19}},"114":{"start":{"line":287,"column":0},"end":{"line":287,"column":null}},"115":{"start":{"line":20,"column":13},"end":{"line":20,"column":17}}},"fnMap":{"0":{"name":"(anonymous_22)","decl":{"start":{"line":20,"column":0},"end":{"line":20,"column":13}},"loc":{"start":{"line":20,"column":0},"end":{"line":287,"column":null}}},"1":{"name":"Data","decl":{"start":{"line":24,"column":2},"end":{"line":24,"column":14}},"loc":{"start":{"line":24,"column":56},"end":{"line":28,"column":3}}},"2":{"name":"(anonymous_24)","decl":{"start":{"line":38,"column":2},"end":{"line":38,"column":8}},"loc":{"start":{"line":38,"column":30},"end":{"line":155,"column":null}}},"3":{"name":"(anonymous_27)","decl":{"start":{"line":51,"column":14},"end":{"line":51,"column":15}},"loc":{"start":{"line":51,"column":16},"end":{"line":51,"column":22}}},"4":{"name":"(anonymous_28)","decl":{"start":{"line":52,"column":11},"end":{"line":52,"column":12}},"loc":{"start":{"line":52,"column":13},"end":{"line":52,"column":19}}},"5":{"name":"(anonymous_29)","decl":{"start":{"line":63,"column":29},"end":{"line":63,"column":30}},"loc":{"start":{"line":63,"column":34},"end":{"line":94,"column":5}}},"6":{"name":"(anonymous_30)","decl":{"start":{"line":67,"column":25},"end":{"line":67,"column":26}},"loc":{"start":{"line":67,"column":30},"end":{"line":93,"column":7}}},"7":{"name":"(anonymous_31)","decl":{"start":{"line":68,"column":39},"end":{"line":68,"column":40}},"loc":{"start":{"line":68,"column":44},"end":{"line":68,"column":53}}},"8":{"name":"(anonymous_32)","decl":{"start":{"line":96,"column":40},"end":{"line":96,"column":41}},"loc":{"start":{"line":96,"column":42},"end":{"line":150,"column":5}}},"9":{"name":"(anonymous_33)","decl":{"start":{"line":162,"column":2},"end":{"line":162,"column":8}},"loc":{"start":{"line":162,"column":30},"end":{"line":266,"column":null}}},"10":{"name":"(anonymous_36)","decl":{"start":{"line":175,"column":6},"end":{"line":175,"column":7}},"loc":{"start":{"line":175,"column":8},"end":{"line":175,"column":14}}},"11":{"name":"(anonymous_37)","decl":{"start":{"line":200,"column":35},"end":{"line":200,"column":36}},"loc":{"start":{"line":200,"column":37},"end":{"line":201,"column":16}}},"12":{"name":"(anonymous_38)","decl":{"start":{"line":228,"column":41},"end":{"line":228,"column":42}},"loc":{"start":{"line":228,"column":49},"end":{"line":236,"column":7}}},"13":{"name":"(anonymous_39)","decl":{"start":{"line":245,"column":20},"end":{"line":245,"column":21}},"loc":{"start":{"line":245,"column":29},"end":{"line":259,"column":7}}},"14":{"name":"(anonymous_40)","decl":{"start":{"line":248,"column":39},"end":{"line":248,"column":40}},"loc":{"start":{"line":248,"column":57},"end":{"line":258,"column":9}}},"15":{"name":"(anonymous_41)","decl":{"start":{"line":254,"column":29},"end":{"line":254,"column":30}},"loc":{"start":{"line":254,"column":35},"end":{"line":256,"column":11}}},"16":{"name":"(anonymous_42)","decl":{"start":{"line":273,"column":2},"end":{"line":273,"column":8}},"loc":{"start":{"line":273,"column":28},"end":{"line":276,"column":null}}},"17":{"name":"(anonymous_45)","decl":{"start":{"line":283,"column":2},"end":{"line":283,"column":8}},"loc":{"start":{"line":283,"column":36},"end":{"line":286,"column":null}}}},"branchMap":{"0":{"loc":{"start":{"line":25,"column":4},"end":{"line":25,"column":17}},"type":"binary-expr","locations":[{"start":{"line":25,"column":4},"end":{"line":25,"column":17}},{"start":{"line":25,"column":17},"end":{"line":25,"column":null}}]},"1":{"loc":{"start":{"line":44,"column":4},"end":{"line":46,"column":null}},"type":"if","locations":[{"start":{"line":44,"column":4},"end":{"line":46,"column":null}},{"start":{"line":44,"column":4},"end":{"line":46,"column":null}}]},"2":{"loc":{"start":{"line":51,"column":21},"end":{"line":51,"column":38}},"type":"binary-expr","locations":[{"start":{"line":51,"column":21},"end":{"line":51,"column":38}},{"start":{"line":51,"column":42},"end":{"line":51,"column":51}}]},"3":{"loc":{"start":{"line":69,"column":8},"end":{"line":71,"column":null}},"type":"if","locations":[{"start":{"line":69,"column":8},"end":{"line":71,"column":null}},{"start":{"line":69,"column":8},"end":{"line":71,"column":null}}]},"4":{"loc":{"start":{"line":77,"column":8},"end":{"line":82,"column":null}},"type":"if","locations":[{"start":{"line":77,"column":8},"end":{"line":82,"column":null}},{"start":{"line":77,"column":8},"end":{"line":82,"column":null}}]},"5":{"loc":{"start":{"line":78,"column":10},"end":{"line":78,"column":74}},"type":"binary-expr","locations":[{"start":{"line":78,"column":10},"end":{"line":78,"column":74}},{"start":{"line":79,"column":10},"end":{"line":79,"column":43}}]},"6":{"loc":{"start":{"line":86,"column":8},"end":{"line":92,"column":null}},"type":"if","locations":[{"start":{"line":86,"column":8},"end":{"line":92,"column":null}},{"start":{"line":86,"column":8},"end":{"line":92,"column":null}}]},"7":{"loc":{"start":{"line":100,"column":6},"end":{"line":101,"column":null}},"type":"if","locations":[{"start":{"line":100,"column":6},"end":{"line":101,"column":null}},{"start":{"line":100,"column":6},"end":{"line":101,"column":null}}]},"8":{"loc":{"start":{"line":102,"column":52},"end":{"line":102,"column":61}},"type":"cond-expr","locations":[{"start":{"line":102,"column":52},"end":{"line":102,"column":61}},{"start":{"line":102,"column":64},"end":{"line":102,"column":73}}]},"9":{"loc":{"start":{"line":105,"column":8},"end":{"line":107,"column":16}},"type":"switch","locations":[{"start":{"line":105,"column":8},"end":{"line":107,"column":16}},{"start":{"line":108,"column":8},"end":{"line":110,"column":16}},{"start":{"line":111,"column":8},"end":{"line":113,"column":16}},{"start":{"line":114,"column":8},"end":{"line":116,"column":16}},{"start":{"line":117,"column":8},"end":{"line":119,"column":16}},{"start":{"line":120,"column":8},"end":{"line":120,"column":28}},{"start":{"line":121,"column":8},"end":{"line":121,"column":28}},{"start":{"line":122,"column":8},"end":{"line":124,"column":16}},{"start":{"line":125,"column":8},"end":{"line":126,"column":16}}]},"10":{"loc":{"start":{"line":133,"column":13},"end":{"line":139,"column":13}},"type":"cond-expr","locations":[{"start":{"line":133,"column":13},"end":{"line":139,"column":13}},{"start":{"line":139,"column":14},"end":{"line":148,"column":null}}]},"11":{"loc":{"start":{"line":140,"column":13},"end":{"line":144,"column":13}},"type":"cond-expr","locations":[{"start":{"line":140,"column":13},"end":{"line":144,"column":13}},{"start":{"line":144,"column":13},"end":{"line":148,"column":null}}]},"12":{"loc":{"start":{"line":163,"column":17},"end":{"line":163,"column":null}},"type":"switch","locations":[{"start":{"line":163,"column":17},"end":{"line":163,"column":null}}]},"13":{"loc":{"start":{"line":164,"column":4},"end":{"line":164,"column":60}},"type":"if","locations":[{"start":{"line":164,"column":4},"end":{"line":164,"column":60}},{"start":{"line":164,"column":4},"end":{"line":164,"column":60}}]},"14":{"loc":{"start":{"line":165,"column":4},"end":{"line":166,"column":61}},"type":"if","locations":[{"start":{"line":165,"column":4},"end":{"line":166,"column":61}},{"start":{"line":165,"column":4},"end":{"line":166,"column":61}}]},"15":{"loc":{"start":{"line":177,"column":4},"end":{"line":179,"column":null}},"type":"if","locations":[{"start":{"line":177,"column":4},"end":{"line":179,"column":null}},{"start":{"line":177,"column":4},"end":{"line":179,"column":null}}]},"16":{"loc":{"start":{"line":184,"column":45},"end":{"line":184,"column":60}},"type":"cond-expr","locations":[{"start":{"line":184,"column":45},"end":{"line":184,"column":60}},{"start":{"line":184,"column":63},"end":{"line":184,"column":74}}]},"17":{"loc":{"start":{"line":186,"column":4},"end":{"line":188,"column":null}},"type":"if","locations":[{"start":{"line":186,"column":4},"end":{"line":188,"column":null}},{"start":{"line":186,"column":4},"end":{"line":188,"column":null}}]},"18":{"loc":{"start":{"line":186,"column":8},"end":{"line":186,"column":24}},"type":"binary-expr","locations":[{"start":{"line":186,"column":8},"end":{"line":186,"column":24}},{"start":{"line":186,"column":28},"end":{"line":186,"column":64}}]},"19":{"loc":{"start":{"line":202,"column":16},"end":{"line":202,"column":43}},"type":"cond-expr","locations":[{"start":{"line":202,"column":16},"end":{"line":202,"column":43}},{"start":{"line":203,"column":16},"end":{"line":203,"column":42}}]},"20":{"loc":{"start":{"line":215,"column":11},"end":{"line":215,"column":20}},"type":"binary-expr","locations":[{"start":{"line":215,"column":11},"end":{"line":215,"column":20}},{"start":{"line":215,"column":24},"end":{"line":215,"column":26}}]},"21":{"loc":{"start":{"line":220,"column":4},"end":{"line":260,"column":null}},"type":"if","locations":[{"start":{"line":220,"column":4},"end":{"line":260,"column":null}},{"start":{"line":220,"column":4},"end":{"line":260,"column":null}}]},"22":{"loc":{"start":{"line":230,"column":35},"end":{"line":230,"column":51}},"type":"cond-expr","locations":[{"start":{"line":230,"column":35},"end":{"line":230,"column":51}},{"start":{"line":230,"column":54},"end":{"line":230,"column":63}}]},"23":{"loc":{"start":{"line":234,"column":24},"end":{"line":234,"column":47}},"type":"cond-expr","locations":[{"start":{"line":234,"column":24},"end":{"line":234,"column":47}},{"start":{"line":234,"column":50},"end":{"line":234,"column":52}}]},"24":{"loc":{"start":{"line":234,"column":35},"end":{"line":234,"column":37}},"type":"cond-expr","locations":[{"start":{"line":234,"column":35},"end":{"line":234,"column":37}},{"start":{"line":234,"column":30},"end":{"line":234,"column":41}}]},"25":{"loc":{"start":{"line":234,"column":30},"end":{"line":234,"column":37}},"type":"binary-expr","locations":[{"start":{"line":234,"column":30},"end":{"line":234,"column":37}},{"start":{"line":234,"column":30},"end":{"line":234,"column":37}}]},"26":{"loc":{"start":{"line":238,"column":38},"end":{"line":238,"column":40}},"type":"cond-expr","locations":[{"start":{"line":238,"column":38},"end":{"line":238,"column":40}},{"start":{"line":238,"column":38},"end":{"line":238,"column":44}}]},"27":{"loc":{"start":{"line":238,"column":21},"end":{"line":238,"column":40}},"type":"binary-expr","locations":[{"start":{"line":238,"column":21},"end":{"line":238,"column":40}},{"start":{"line":238,"column":38},"end":{"line":238,"column":40}}]},"28":{"loc":{"start":{"line":249,"column":34},"end":{"line":249,"column":44}},"type":"cond-expr","locations":[{"start":{"line":249,"column":34},"end":{"line":249,"column":44}},{"start":{"line":249,"column":47},"end":{"line":249,"column":64}}]},"29":{"loc":{"start":{"line":252,"column":25},"end":{"line":252,"column":34}},"type":"cond-expr","locations":[{"start":{"line":252,"column":25},"end":{"line":252,"column":34}},{"start":{"line":252,"column":37},"end":{"line":252,"column":39}}]},"30":{"loc":{"start":{"line":274,"column":16},"end":{"line":274,"column":null}},"type":"switch","locations":[{"start":{"line":274,"column":16},"end":{"line":274,"column":null}}]},"31":{"loc":{"start":{"line":284,"column":20},"end":{"line":284,"column":null}},"type":"switch","locations":[{"start":{"line":284,"column":20},"end":{"line":284,"column":null}}]}},"s":{"0":6,"1":6,"2":6,"3":6,"4":6,"5":6,"6":6,"7":6,"8":6,"9":6,"10":6,"11":6,"12":6,"13":6,"14":6,"15":6,"16":7,"17":7,"18":7,"19":7,"20":0,"21":7,"22":22,"23":21,"24":7,"25":7,"26":52,"27":52,"28":142,"29":286,"30":142,"31":2,"32":140,"33":140,"34":0,"35":140,"36":50,"37":50,"38":50,"39":320,"40":320,"41":90,"42":5,"43":15,"44":15,"45":15,"46":15,"47":15,"48":4,"49":4,"50":1,"51":1,"52":0,"53":0,"54":0,"55":0,"56":4,"57":4,"58":6,"59":6,"60":0,"61":15,"62":5,"63":5,"64":5,"65":6,"66":2,"67":2,"68":2,"69":0,"70":2,"71":0,"72":2,"73":2,"74":2,"75":2,"76":2,"77":2,"78":0,"79":2,"80":2,"81":2,"82":2,"83":0,"84":2,"85":2,"86":2,"87":2,"88":2,"89":2,"90":2,"91":2,"92":2,"93":2,"94":4,"95":4,"96":2,"97":2,"98":2,"99":2,"100":2,"101":2,"102":2,"103":4,"104":2,"105":2,"106":6,"107":2,"108":2,"109":2,"110":6,"111":1,"112":1,"113":1,"114":6,"115":6},"f":{"0":6,"1":6,"2":7,"3":22,"4":21,"5":52,"6":142,"7":286,"8":15,"9":2,"10":2,"11":2,"12":4,"13":2,"14":2,"15":4,"16":2,"17":1},"b":{"0":[6,6],"1":[0,7],"2":[22,7],"3":[2,140],"4":[0,140],"5":[140,10],"6":[50,90],"7":[0,15],"8":[5,10],"9":[4,1,0,0,4,6,6,6,0],"10":[4,11],"11":[1,10],"12":[2],"13":[0,2],"14":[0,2],"15":[0,2],"16":[1,1],"17":[0,2],"18":[2,2],"19":[1,1],"20":[2,1],"21":[2,0],"22":[2,2],"23":[2,2],"24":[0,2],"25":[2,2],"26":[0,2],"27":[2,2],"28":[2,0],"29":[2,0],"30":[2],"31":[1]}}
,"/Users/nameczz/Working/milvus-node-sdk/milvus/MilvusIndex.ts": {"path":"/Users/nameczz/Working/milvus-node-sdk/milvus/MilvusIndex.ts","statementMap":{"0":{"start":{"line":1,"column":0},"end":{"line":1,"column":37}},"1":{"start":{"line":2,"column":0},"end":{"line":2,"column":34}},"2":{"start":{"line":17,"column":0},"end":{"line":17,"column":null}},"3":{"start":{"line":17,"column":27},"end":{"line":17,"column":33}},"4":{"start":{"line":25,"column":8},"end":{"line":28,"column":null}},"5":{"start":{"line":26,"column":20},"end":{"line":26,"column":null}},"6":{"start":{"line":26,"column":10},"end":{"line":26,"column":null}},"7":{"start":{"line":27,"column":4},"end":{"line":27,"column":19}},"8":{"start":{"line":35,"column":8},"end":{"line":38,"column":null}},"9":{"start":{"line":36,"column":20},"end":{"line":36,"column":null}},"10":{"start":{"line":36,"column":10},"end":{"line":36,"column":null}},"11":{"start":{"line":37,"column":4},"end":{"line":37,"column":19}},"12":{"start":{"line":45,"column":8},"end":{"line":48,"column":null}},"13":{"start":{"line":46,"column":20},"end":{"line":46,"column":null}},"14":{"start":{"line":46,"column":10},"end":{"line":46,"column":null}},"15":{"start":{"line":47,"column":4},"end":{"line":47,"column":19}},"16":{"start":{"line":56,"column":8},"end":{"line":61,"column":null}},"17":{"start":{"line":59,"column":20},"end":{"line":59,"column":null}},"18":{"start":{"line":59,"column":10},"end":{"line":59,"column":null}},"19":{"start":{"line":60,"column":4},"end":{"line":60,"column":19}},"20":{"start":{"line":68,"column":8},"end":{"line":71,"column":null}},"21":{"start":{"line":69,"column":20},"end":{"line":69,"column":null}},"22":{"start":{"line":69,"column":10},"end":{"line":69,"column":null}},"23":{"start":{"line":70,"column":4},"end":{"line":70,"column":19}},"24":{"start":{"line":72,"column":0},"end":{"line":72,"column":null}},"25":{"start":{"line":17,"column":13},"end":{"line":17,"column":18}}},"fnMap":{"0":{"name":"(anonymous_19)","decl":{"start":{"line":17,"column":0},"end":{"line":17,"column":13}},"loc":{"start":{"line":17,"column":0},"end":{"line":72,"column":null}}},"1":{"name":"(anonymous_21)","decl":{"start":{"line":25,"column":2},"end":{"line":25,"column":8}},"loc":{"start":{"line":25,"column":40},"end":{"line":28,"column":null}}},"2":{"name":"(anonymous_24)","decl":{"start":{"line":35,"column":2},"end":{"line":35,"column":8}},"loc":{"start":{"line":35,"column":44},"end":{"line":38,"column":null}}},"3":{"name":"(anonymous_27)","decl":{"start":{"line":45,"column":2},"end":{"line":45,"column":8}},"loc":{"start":{"line":45,"column":44},"end":{"line":48,"column":null}}},"4":{"name":"(anonymous_30)","decl":{"start":{"line":56,"column":2},"end":{"line":56,"column":8}},"loc":{"start":{"line":57,"column":34},"end":{"line":61,"column":null}}},"5":{"name":"(anonymous_33)","decl":{"start":{"line":68,"column":2},"end":{"line":68,"column":8}},"loc":{"start":{"line":68,"column":36},"end":{"line":71,"column":null}}}},"branchMap":{"0":{"loc":{"start":{"line":26,"column":20},"end":{"line":26,"column":null}},"type":"switch","locations":[{"start":{"line":26,"column":20},"end":{"line":26,"column":null}}]},"1":{"loc":{"start":{"line":36,"column":20},"end":{"line":36,"column":null}},"type":"switch","locations":[{"start":{"line":36,"column":20},"end":{"line":36,"column":null}}]},"2":{"loc":{"start":{"line":46,"column":20},"end":{"line":46,"column":null}},"type":"switch","locations":[{"start":{"line":46,"column":20},"end":{"line":46,"column":null}}]},"3":{"loc":{"start":{"line":59,"column":20},"end":{"line":59,"column":null}},"type":"switch","locations":[{"start":{"line":59,"column":20},"end":{"line":59,"column":null}}]},"4":{"loc":{"start":{"line":69,"column":20},"end":{"line":69,"column":null}},"type":"switch","locations":[{"start":{"line":69,"column":20},"end":{"line":69,"column":null}}]}},"s":{"0":6,"1":6,"2":6,"3":6,"4":6,"5":1,"6":1,"7":1,"8":6,"9":2,"10":2,"11":2,"12":6,"13":1,"14":1,"15":1,"16":6,"17":1,"18":1,"19":1,"20":6,"21":1,"22":1,"23":1,"24":6,"25":6},"f":{"0":12,"1":1,"2":2,"3":1,"4":1,"5":1},"b":{"0":[1],"1":[2],"2":[1],"3":[1],"4":[1]}}
,"/Users/nameczz/Working/milvus-node-sdk/milvus/Partition.ts": {"path":"/Users/nameczz/Working/milvus-node-sdk/milvus/Partition.ts","statementMap":{"0":{"start":{"line":1,"column":0},"end":{"line":1,"column":37}},"1":{"start":{"line":2,"column":0},"end":{"line":2,"column":34}},"2":{"start":{"line":17,"column":0},"end":{"line":17,"column":52}},"3":{"start":{"line":19,"column":0},"end":{"line":19,"column":null}},"4":{"start":{"line":19,"column":31},"end":{"line":19,"column":37}},"5":{"start":{"line":25,"column":8},"end":{"line":28,"column":null}},"6":{"start":{"line":26,"column":20},"end":{"line":26,"column":null}},"7":{"start":{"line":26,"column":10},"end":{"line":26,"column":null}},"8":{"start":{"line":27,"column":4},"end":{"line":27,"column":19}},"9":{"start":{"line":35,"column":8},"end":{"line":38,"column":null}},"10":{"start":{"line":36,"column":20},"end":{"line":36,"column":null}},"11":{"start":{"line":36,"column":10},"end":{"line":36,"column":null}},"12":{"start":{"line":37,"column":4},"end":{"line":37,"column":19}},"13":{"start":{"line":46,"column":8},"end":{"line":51,"column":null}},"14":{"start":{"line":49,"column":20},"end":{"line":49,"column":null}},"15":{"start":{"line":49,"column":10},"end":{"line":49,"column":null}},"16":{"start":{"line":50,"column":4},"end":{"line":50,"column":19}},"17":{"start":{"line":58,"column":8},"end":{"line":68,"column":null}},"18":{"start":{"line":61,"column":20},"end":{"line":65,"column":null}},"19":{"start":{"line":61,"column":10},"end":{"line":65,"column":null}},"20":{"start":{"line":66,"column":4},"end":{"line":66,"column":68}},"21":{"start":{"line":67,"column":4},"end":{"line":67,"column":19}},"22":{"start":{"line":75,"column":8},"end":{"line":78,"column":null}},"23":{"start":{"line":76,"column":20},"end":{"line":76,"column":null}},"24":{"start":{"line":76,"column":10},"end":{"line":76,"column":null}},"25":{"start":{"line":77,"column":4},"end":{"line":77,"column":19}},"26":{"start":{"line":85,"column":8},"end":{"line":88,"column":null}},"27":{"start":{"line":86,"column":20},"end":{"line":86,"column":null}},"28":{"start":{"line":86,"column":10},"end":{"line":86,"column":null}},"29":{"start":{"line":87,"column":4},"end":{"line":87,"column":19}},"30":{"start":{"line":96,"column":8},"end":{"line":99,"column":null}},"31":{"start":{"line":97,"column":20},"end":{"line":97,"column":null}},"32":{"start":{"line":97,"column":10},"end":{"line":97,"column":null}},"33":{"start":{"line":98,"column":4},"end":{"line":98,"column":19}},"34":{"start":{"line":100,"column":0},"end":{"line":100,"column":null}},"35":{"start":{"line":19,"column":13},"end":{"line":19,"column":22}}},"fnMap":{"0":{"name":"(anonymous_19)","decl":{"start":{"line":19,"column":0},"end":{"line":19,"column":13}},"loc":{"start":{"line":19,"column":0},"end":{"line":100,"column":null}}},"1":{"name":"(anonymous_21)","decl":{"start":{"line":25,"column":2},"end":{"line":25,"column":8}},"loc":{"start":{"line":25,"column":48},"end":{"line":28,"column":null}}},"2":{"name":"(anonymous_24)","decl":{"start":{"line":35,"column":2},"end":{"line":35,"column":8}},"loc":{"start":{"line":35,"column":42},"end":{"line":38,"column":null}}},"3":{"name":"(anonymous_27)","decl":{"start":{"line":46,"column":2},"end":{"line":46,"column":8}},"loc":{"start":{"line":47,"column":27},"end":{"line":51,"column":null}}},"4":{"name":"(anonymous_30)","decl":{"start":{"line":58,"column":2},"end":{"line":58,"column":8}},"loc":{"start":{"line":59,"column":35},"end":{"line":68,"column":null}}},"5":{"name":"(anonymous_33)","decl":{"start":{"line":75,"column":2},"end":{"line":75,"column":8}},"loc":{"start":{"line":75,"column":46},"end":{"line":78,"column":null}}},"6":{"name":"(anonymous_36)","decl":{"start":{"line":85,"column":2},"end":{"line":85,"column":8}},"loc":{"start":{"line":85,"column":49},"end":{"line":88,"column":null}}},"7":{"name":"(anonymous_39)","decl":{"start":{"line":96,"column":2},"end":{"line":96,"column":8}},"loc":{"start":{"line":96,"column":44},"end":{"line":99,"column":null}}}},"branchMap":{"0":{"loc":{"start":{"line":26,"column":20},"end":{"line":26,"column":null}},"type":"switch","locations":[{"start":{"line":26,"column":20},"end":{"line":26,"column":null}}]},"1":{"loc":{"start":{"line":36,"column":20},"end":{"line":36,"column":null}},"type":"switch","locations":[{"start":{"line":36,"column":20},"end":{"line":36,"column":null}}]},"2":{"loc":{"start":{"line":49,"column":20},"end":{"line":49,"column":null}},"type":"switch","locations":[{"start":{"line":49,"column":20},"end":{"line":49,"column":null}}]},"3":{"loc":{"start":{"line":61,"column":20},"end":{"line":65,"column":null}},"type":"switch","locations":[{"start":{"line":61,"column":20},"end":{"line":65,"column":null}}]},"4":{"loc":{"start":{"line":76,"column":20},"end":{"line":76,"column":null}},"type":"switch","locations":[{"start":{"line":76,"column":20},"end":{"line":76,"column":null}}]},"5":{"loc":{"start":{"line":86,"column":20},"end":{"line":86,"column":null}},"type":"switch","locations":[{"start":{"line":86,"column":20},"end":{"line":86,"column":null}}]},"6":{"loc":{"start":{"line":97,"column":20},"end":{"line":97,"column":null}},"type":"switch","locations":[{"start":{"line":97,"column":20},"end":{"line":97,"column":null}}]}},"s":{"0":6,"1":6,"2":6,"3":6,"4":6,"5":6,"6":3,"7":3,"8":3,"9":6,"10":3,"11":3,"12":3,"13":6,"14":1,"15":1,"16":1,"17":6,"18":1,"19":1,"20":1,"21":1,"22":6,"23":1,"24":1,"25":1,"26":6,"27":1,"28":1,"29":1,"30":6,"31":1,"32":1,"33":1,"34":6,"35":6},"f":{"0":12,"1":3,"2":3,"3":1,"4":1,"5":1,"6":1,"7":1},"b":{"0":[3],"1":[3],"2":[1],"3":[1],"4":[1],"5":[1],"6":[1]}}
,"/Users/nameczz/Working/milvus-node-sdk/milvus/index.ts": {"path":"/Users/nameczz/Working/milvus-node-sdk/milvus/index.ts","statementMap":{"0":{"start":{"line":1,"column":0},"end":{"line":1,"column":24}},"1":{"start":{"line":2,"column":0},"end":{"line":2,"column":50}},"2":{"start":{"line":3,"column":0},"end":{"line":3,"column":67}},"3":{"start":{"line":5,"column":0},"end":{"line":5,"column":42}},"4":{"start":{"line":6,"column":0},"end":{"line":6,"column":40}},"5":{"start":{"line":7,"column":0},"end":{"line":7,"column":38}},"6":{"start":{"line":8,"column":0},"end":{"line":8,"column":30}},"7":{"start":{"line":10,"column":18},"end":{"line":10,"column":71}},"8":{"start":{"line":11,"column":0},"end":{"line":11,"column":13}},"9":{"start":{"line":27,"column":30},"end":{"line":33,"column":6}},"10":{"start":{"line":34,"column":23},"end":{"line":34,"column":63}},"11":{"start":{"line":35,"column":25},"end":{"line":35,"column":63}},"12":{"start":{"line":36,"column":19},"end":{"line":38,"column":null}},"13":{"start":{"line":41,"column":4},"end":{"line":41,"column":25}},"14":{"start":{"line":42,"column":4},"end":{"line":42,"column":57}},"15":{"start":{"line":43,"column":4},"end":{"line":43,"column":55}},"16":{"start":{"line":44,"column":4},"end":{"line":44,"column":47}},"17":{"start":{"line":45,"column":4},"end":{"line":45,"column":69}},"18":{"start":{"line":47,"column":0},"end":{"line":47,"column":null}},"19":{"start":{"line":11,"column":13},"end":{"line":11,"column":25}}},"fnMap":{"0":{"name":"(anonymous_7)","decl":{"start":{"line":11,"column":0},"end":{"line":11,"column":13}},"loc":{"start":{"line":11,"column":0},"end":{"line":47,"column":null}}},"1":{"name":"MilvusClient","decl":{"start":{"line":26,"column":2},"end":{"line":26,"column":14}},"loc":{"start":{"line":26,"column":24},"end":{"line":46,"column":3}}}},"branchMap":{},"s":{"0":6,"1":6,"2":6,"3":6,"4":6,"5":6,"6":6,"7":6,"8":6,"9":6,"10":6,"11":6,"12":6,"13":6,"14":6,"15":6,"16":6,"17":6,"18":6,"19":6},"f":{"0":6,"1":6},"b":{}}
,"/Users/nameczz/Working/milvus-node-sdk/milvus/const/ErrorReason.ts": {"path":"/Users/nameczz/Working/milvus-node-sdk/milvus/const/ErrorReason.ts","statementMap":{"0":{"start":{"line":1,"column":0},"end":{"line":1,"column":null}},"1":{"start":{"line":2,"column":2},"end":{"line":2,"column":null}},"2":{"start":{"line":3,"column":2},"end":{"line":3,"column":null}},"3":{"start":{"line":4,"column":2},"end":{"line":4,"column":null}},"4":{"start":{"line":5,"column":2},"end":{"line":5,"column":null}},"5":{"start":{"line":6,"column":2},"end":{"line":6,"column":null}},"6":{"start":{"line":8,"column":2},"end":{"line":8,"column":null}},"7":{"start":{"line":10,"column":2},"end":{"line":10,"column":null}},"8":{"start":{"line":11,"column":2},"end":{"line":11,"column":null}},"9":{"start":{"line":12,"column":2},"end":{"line":12,"column":null}},"10":{"start":{"line":14,"column":2},"end":{"line":14,"column":null}},"11":{"start":{"line":15,"column":2},"end":{"line":15,"column":null}},"12":{"start":{"line":16,"column":2},"end":{"line":16,"column":null}}},"fnMap":{"0":{"name":"(anonymous_0)","decl":{"start":{"line":1,"column":0},"end":{"line":1,"column":12}},"loc":{"start":{"line":1,"column":25},"end":{"line":17,"column":1}}}},"branchMap":{"0":{"loc":{"start":{"line":1,"column":12},"end":{"line":1,"column":25}},"type":"binary-expr","locations":[{"start":{"line":1,"column":12},"end":{"line":1,"column":25}},{"start":{"line":1,"column":12},"end":{"line":1,"column":null}}]}},"s":{"0":6,"1":6,"2":6,"3":6,"4":6,"5":6,"6":6,"7":6,"8":6,"9":6,"10":6,"11":6,"12":6},"f":{"0":6},"b":{"0":[6,6]}}
,"/Users/nameczz/Working/milvus-node-sdk/milvus/types/Collection.ts": {"path":"/Users/nameczz/Working/milvus-node-sdk/milvus/types/Collection.ts","statementMap":{"0":{"start":{"line":17,"column":0},"end":{"line":17,"column":null}},"1":{"start":{"line":18,"column":2},"end":{"line":18,"column":null}},"2":{"start":{"line":19,"column":2},"end":{"line":19,"column":null}}},"fnMap":{"0":{"name":"(anonymous_0)","decl":{"start":{"line":17,"column":0},"end":{"line":17,"column":12}},"loc":{"start":{"line":17,"column":31},"end":{"line":20,"column":1}}}},"branchMap":{"0":{"loc":{"start":{"line":17,"column":12},"end":{"line":17,"column":31}},"type":"binary-expr","locations":[{"start":{"line":17,"column":12},"end":{"line":17,"column":31}},{"start":{"line":17,"column":12},"end":{"line":17,"column":null}}]}},"s":{"0":6,"1":6,"2":6},"f":{"0":6},"b":{"0":[6,6]}}
,"/Users/nameczz/Working/milvus-node-sdk/milvus/types/Common.ts": {"path":"/Users/nameczz/Working/milvus-node-sdk/milvus/types/Common.ts","statementMap":{"0":{"start":{"line":1,"column":0},"end":{"line":1,"column":null}},"1":{"start":{"line":2,"column":2},"end":{"line":2,"column":null}},"2":{"start":{"line":4,"column":2},"end":{"line":4,"column":null}},"3":{"start":{"line":6,"column":2},"end":{"line":6,"column":null}},"4":{"start":{"line":8,"column":2},"end":{"line":8,"column":null}},"5":{"start":{"line":10,"column":2},"end":{"line":10,"column":null}},"6":{"start":{"line":12,"column":2},"end":{"line":12,"column":null}},"7":{"start":{"line":14,"column":2},"end":{"line":14,"column":null}},"8":{"start":{"line":16,"column":2},"end":{"line":16,"column":null}},"9":{"start":{"line":19,"column":0},"end":{"line":19,"column":null}},"10":{"start":{"line":21,"column":2},"end":{"line":21,"column":null}},"11":{"start":{"line":23,"column":2},"end":{"line":23,"column":null}},"12":{"start":{"line":25,"column":2},"end":{"line":25,"column":null}},"13":{"start":{"line":27,"column":2},"end":{"line":27,"column":null}},"14":{"start":{"line":29,"column":2},"end":{"line":29,"column":null}},"15":{"start":{"line":31,"column":2},"end":{"line":31,"column":null}},"16":{"start":{"line":33,"column":2},"end":{"line":33,"column":null}},"17":{"start":{"line":35,"column":2},"end":{"line":35,"column":null}},"18":{"start":{"line":37,"column":2},"end":{"line":37,"column":null}},"19":{"start":{"line":39,"column":2},"end":{"line":39,"column":null}},"20":{"start":{"line":41,"column":2},"end":{"line":41,"column":null}},"21":{"start":{"line":44,"column":0},"end":{"line":44,"column":null}},"22":{"start":{"line":45,"column":2},"end":{"line":45,"column":null}},"23":{"start":{"line":47,"column":2},"end":{"line":47,"column":null}},"24":{"start":{"line":48,"column":2},"end":{"line":48,"column":null}},"25":{"start":{"line":49,"column":2},"end":{"line":49,"column":null}},"26":{"start":{"line":50,"column":2},"end":{"line":50,"column":null}},"27":{"start":{"line":51,"column":2},"end":{"line":51,"column":null}},"28":{"start":{"line":52,"column":2},"end":{"line":52,"column":null}},"29":{"start":{"line":53,"column":2},"end":{"line":53,"column":null}},"30":{"start":{"line":54,"column":2},"end":{"line":54,"column":null}},"31":{"start":{"line":57,"column":2},"end":{"line":57,"column":null}},"32":{"start":{"line":58,"column":2},"end":{"line":58,"column":null}},"33":{"start":{"line":59,"column":2},"end":{"line":59,"column":null}},"34":{"start":{"line":60,"column":2},"end":{"line":60,"column":null}},"35":{"start":{"line":61,"column":2},"end":{"line":61,"column":null}},"36":{"start":{"line":62,"column":2},"end":{"line":62,"column":null}},"37":{"start":{"line":63,"column":2},"end":{"line":63,"column":null}},"38":{"start":{"line":66,"column":2},"end":{"line":66,"column":null}},"39":{"start":{"line":67,"column":2},"end":{"line":67,"column":null}},"40":{"start":{"line":70,"column":2},"end":{"line":70,"column":null}},"41":{"start":{"line":71,"column":2},"end":{"line":71,"column":null}},"42":{"start":{"line":72,"column":2},"end":{"line":72,"column":null}},"43":{"start":{"line":75,"column":2},"end":{"line":75,"column":null}},"44":{"start":{"line":76,"column":2},"end":{"line":76,"column":null}},"45":{"start":{"line":77,"column":2},"end":{"line":77,"column":null}},"46":{"start":{"line":80,"column":2},"end":{"line":80,"column":null}},"47":{"start":{"line":81,"column":2},"end":{"line":81,"column":null}},"48":{"start":{"line":82,"column":2},"end":{"line":82,"column":null}},"49":{"start":{"line":83,"column":2},"end":{"line":83,"column":null}},"50":{"start":{"line":84,"column":2},"end":{"line":84,"column":null}},"51":{"start":{"line":85,"column":2},"end":{"line":85,"column":null}},"52":{"start":{"line":86,"column":2},"end":{"line":86,"column":null}},"53":{"start":{"line":87,"column":2},"end":{"line":87,"column":null}},"54":{"start":{"line":90,"column":2},"end":{"line":90,"column":null}},"55":{"start":{"line":93,"column":2},"end":{"line":93,"column":null}},"56":{"start":{"line":94,"column":2},"end":{"line":94,"column":null}},"57":{"start":{"line":95,"column":2},"end":{"line":95,"column":null}},"58":{"start":{"line":96,"column":2},"end":{"line":96,"column":null}},"59":{"start":{"line":97,"column":2},"end":{"line":97,"column":null}},"60":{"start":{"line":98,"column":2},"end":{"line":98,"column":null}},"61":{"start":{"line":99,"column":2},"end":{"line":99,"column":null}},"62":{"start":{"line":100,"column":2},"end":{"line":100,"column":null}},"63":{"start":{"line":112,"column":0},"end":{"line":112,"column":null}},"64":{"start":{"line":113,"column":2},"end":{"line":113,"column":null}},"65":{"start":{"line":114,"column":2},"end":{"line":114,"column":null}},"66":{"start":{"line":115,"column":2},"end":{"line":115,"column":null}},"67":{"start":{"line":116,"column":2},"end":{"line":116,"column":null}},"68":{"start":{"line":117,"column":2},"end":{"line":117,"column":null}},"69":{"start":{"line":118,"column":2},"end":{"line":118,"column":null}},"70":{"start":{"line":120,"column":2},"end":{"line":120,"column":null}},"71":{"start":{"line":121,"column":2},"end":{"line":121,"column":null}},"72":{"start":{"line":123,"column":2},"end":{"line":123,"column":null}},"73":{"start":{"line":125,"column":2},"end":{"line":125,"column":null}},"74":{"start":{"line":126,"column":2},"end":{"line":126,"column":null}},"75":{"start":{"line":129,"column":13},"end":{"line":141,"column":2}},"76":{"start":{"line":148,"column":0},"end":{"line":148,"column":null}},"77":{"start":{"line":149,"column":2},"end":{"line":149,"column":null}},"78":{"start":{"line":150,"column":2},"end":{"line":150,"column":null}},"79":{"start":{"line":151,"column":2},"end":{"line":151,"column":null}},"80":{"start":{"line":152,"column":2},"end":{"line":152,"column":null}},"81":{"start":{"line":153,"column":2},"end":{"line":153,"column":null}},"82":{"start":{"line":156,"column":0},"end":{"line":156,"column":null}},"83":{"start":{"line":157,"column":2},"end":{"line":157,"column":null}},"84":{"start":{"line":158,"column":2},"end":{"line":158,"column":null}}},"fnMap":{"0":{"name":"(anonymous_0)","decl":{"start":{"line":1,"column":0},"end":{"line":1,"column":12}},"loc":{"start":{"line":1,"column":22},"end":{"line":17,"column":1}}},"1":{"name":"(anonymous_1)","decl":{"start":{"line":19,"column":0},"end":{"line":19,"column":12}},"loc":{"start":{"line":19,"column":21},"end":{"line":42,"column":1}}},"2":{"name":"(anonymous_2)","decl":{"start":{"line":44,"column":0},"end":{"line":44,"column":12}},"loc":{"start":{"line":44,"column":19},"end":{"line":101,"column":1}}},"3":{"name":"(anonymous_3)","decl":{"start":{"line":112,"column":0},"end":{"line":112,"column":12}},"loc":{"start":{"line":112,"column":20},"end":{"line":127,"column":1}}},"4":{"name":"(anonymous_4)","decl":{"start":{"line":148,"column":0},"end":{"line":148,"column":12}},"loc":{"start":{"line":148,"column":22},"end":{"line":154,"column":1}}},"5":{"name":"(anonymous_5)","decl":{"start":{"line":156,"column":0},"end":{"line":156,"column":12}},"loc":{"start":{"line":156,"column":19},"end":{"line":159,"column":1}}}},"branchMap":{"0":{"loc":{"start":{"line":1,"column":12},"end":{"line":1,"column":22}},"type":"binary-expr","locations":[{"start":{"line":1,"column":12},"end":{"line":1,"column":22}},{"start":{"line":1,"column":12},"end":{"line":1,"column":null}}]},"1":{"loc":{"start":{"line":19,"column":12},"end":{"line":19,"column":21}},"type":"binary-expr","locations":[{"start":{"line":19,"column":12},"end":{"line":19,"column":21}},{"start":{"line":19,"column":12},"end":{"line":19,"column":null}}]},"2":{"loc":{"start":{"line":44,"column":12},"end":{"line":44,"column":19}},"type":"binary-expr","locations":[{"start":{"line":44,"column":12},"end":{"line":44,"column":19}},{"start":{"line":44,"column":12},"end":{"line":44,"column":null}}]},"3":{"loc":{"start":{"line":112,"column":12},"end":{"line":112,"column":20}},"type":"binary-expr","locations":[{"start":{"line":112,"column":12},"end":{"line":112,"column":20}},{"start":{"line":112,"column":12},"end":{"line":112,"column":null}}]},"4":{"loc":{"start":{"line":148,"column":12},"end":{"line":148,"column":22}},"type":"binary-expr","locations":[{"start":{"line":148,"column":12},"end":{"line":148,"column":22}},{"start":{"line":148,"column":12},"end":{"line":148,"column":null}}]},"5":{"loc":{"start":{"line":156,"column":12},"end":{"line":156,"column":19}},"type":"binary-expr","locations":[{"start":{"line":156,"column":12},"end":{"line":156,"column":19}},{"start":{"line":156,"column":12},"end":{"line":156,"column":null}}]}},"s":{"0":6,"1":6,"2":6,"3":6,"4":6,"5":6,"6":6,"7":6,"8":6,"9":6,"10":6,"11":6,"12":6,"13":6,"14":6,"15":6,"16":6,"17":6,"18":6,"19":6,"20":6,"21":6,"22":6,"23":6,"24":6,"25":6,"26":6,"27":6,"28":6,"29":6,"30":6,"31":6,"32":6,"33":6,"34":6,"35":6,"36":6,"37":6,"38":6,"39":6,"40":6,"41":6,"42":6,"43":6,"44":6,"45":6,"46":6,"47":6,"48":6,"49":6,"50":6,"51":6,"52":6,"53":6,"54":6,"55":6,"56":6,"57":6,"58":6,"59":6,"60":6,"61":6,"62":6,"63":6,"64":6,"65":6,"66":6,"67":6,"68":6,"69":6,"70":6,"71":6,"72":6,"73":6,"74":6,"75":6,"76":6,"77":6,"78":6,"79":6,"80":6,"81":6,"82":6,"83":6,"84":6},"f":{"0":6,"1":6,"2":6,"3":6,"4":6,"5":6},"b":{"0":[6,6],"1":[6,6],"2":[6,6],"3":[6,6],"4":[6,6],"5":[6,6]}}
,"/Users/nameczz/Working/milvus-node-sdk/milvus/types/Response.ts": {"path":"/Users/nameczz/Working/milvus-node-sdk/milvus/types/Response.ts","statementMap":{"0":{"start":{"line":8,"column":0},"end":{"line":8,"column":null}},"1":{"start":{"line":9,"column":2},"end":{"line":9,"column":null}},"2":{"start":{"line":10,"column":2},"end":{"line":10,"column":null}}},"fnMap":{"0":{"name":"(anonymous_0)","decl":{"start":{"line":8,"column":0},"end":{"line":8,"column":12}},"loc":{"start":{"line":8,"column":21},"end":{"line":34,"column":1}}}},"branchMap":{"0":{"loc":{"start":{"line":8,"column":12},"end":{"line":8,"column":21}},"type":"binary-expr","locations":[{"start":{"line":8,"column":12},"end":{"line":8,"column":21}},{"start":{"line":8,"column":12},"end":{"line":8,"column":null}}]}},"s":{"0":6,"1":6,"2":6},"f":{"0":6},"b":{"0":[6,6]}}
,"/Users/nameczz/Working/milvus-node-sdk/milvus/utils/Blob.ts": {"path":"/Users/nameczz/Working/milvus-node-sdk/milvus/utils/Blob.ts","statementMap":{"0":{"start":{"line":1,"column":39},"end":{"line":6,"column":1}},"1":{"start":{"line":3,"column":12},"end":{"line":3,"column":35}},"2":{"start":{"line":5,"column":2},"end":{"line":5,"column":31}},"3":{"start":{"line":1,"column":13},"end":{"line":1,"column":39}},"4":{"start":{"line":8,"column":40},"end":{"line":13,"column":1}},"5":{"start":{"line":10,"column":12},"end":{"line":10,"column":33}},"6":{"start":{"line":12,"column":2},"end":{"line":12,"column":31}},"7":{"start":{"line":8,"column":13},"end":{"line":8,"column":40}}},"fnMap":{"0":{"name":"(anonymous_0)","decl":{"start":{"line":1,"column":39},"end":{"line":1,"column":40}},"loc":{"start":{"line":1,"column":55},"end":{"line":6,"column":1}}},"1":{"name":"(anonymous_1)","decl":{"start":{"line":8,"column":40},"end":{"line":8,"column":41}},"loc":{"start":{"line":8,"column":56},"end":{"line":13,"column":1}}}},"branchMap":{},"s":{"0":6,"1":1,"2":1,"3":6,"4":6,"5":2,"6":2,"7":6},"f":{"0":1,"1":2},"b":{}}
,"/Users/nameczz/Working/milvus-node-sdk/milvus/utils/Format.ts": {"path":"/Users/nameczz/Working/milvus-node-sdk/milvus/utils/Format.ts","statementMap":{"0":{"start":{"line":1,"column":0},"end":{"line":1,"column":33}},"1":{"start":{"line":10,"column":34},"end":{"line":18,"column":1}},"2":{"start":{"line":11,"column":39},"end":{"line":11,"column":41}},"3":{"start":{"line":12,"column":2},"end":{"line":15,"column":5}},"4":{"start":{"line":13,"column":18},"end":{"line":13,"column":39}},"5":{"start":{"line":14,"column":4},"end":{"line":14,"column":22}},"6":{"start":{"line":17,"column":2},"end":{"line":17,"column":16}},"7":{"start":{"line":10,"column":13},"end":{"line":10,"column":34}}},"fnMap":{"0":{"name":"(anonymous_0)","decl":{"start":{"line":10,"column":34},"end":{"line":10,"column":35}},"loc":{"start":{"line":10,"column":71},"end":{"line":18,"column":1}}},"1":{"name":"(anonymous_1)","decl":{"start":{"line":12,"column":15},"end":{"line":12,"column":16}},"loc":{"start":{"line":12,"column":17},"end":{"line":15,"column":3}}}},"branchMap":{},"s":{"0":6,"1":6,"2":2,"3":2,"4":2,"5":2,"6":2,"7":6},"f":{"0":2,"1":2},"b":{}}
,"/Users/nameczz/Working/milvus-node-sdk/milvus/utils/Validate.ts": {"path":"/Users/nameczz/Working/milvus-node-sdk/milvus/utils/Validate.ts","statementMap":{"0":{"start":{"line":1,"column":0},"end":{"line":1,"column":33}},"1":{"start":{"line":2,"column":0},"end":{"line":2,"column":53}},"2":{"start":{"line":4,"column":0},"end":{"line":4,"column":43}},"3":{"start":{"line":13,"column":37},"end":{"line":42,"column":1}},"4":{"start":{"line":14,"column":22},"end":{"line":14,"column":67}},"5":{"start":{"line":16,"column":2},"end":{"line":18,"column":null}},"6":{"start":{"line":16,"column":26},"end":{"line":16,"column":77}},"7":{"start":{"line":17,"column":4},"end":{"line":17,"column":71}},"8":{"start":{"line":19,"column":2},"end":{"line":25,"column":null}},"9":{"start":{"line":21,"column":6},"end":{"line":21,"column":null}},"10":{"start":{"line":24,"column":4},"end":{"line":24,"column":78}},"11":{"start":{"line":27,"column":2},"end":{"line":39,"column":5}},"12":{"start":{"line":28,"column":4},"end":{"line":38,"column":null}},"13":{"start":{"line":29,"column":18},"end":{"line":31,"column":19}},"14":{"start":{"line":32,"column":6},"end":{"line":34,"column":null}},"15":{"start":{"line":33,"column":8},"end":{"line":33,"column":72}},"16":{"start":{"line":35,"column":6},"end":{"line":37,"column":null}},"17":{"start":{"line":36,"column":8},"end":{"line":36,"column":74}},"18":{"start":{"line":41,"column":2},"end":{"line":41,"column":14}},"19":{"start":{"line":13,"column":13},"end":{"line":13,"column":37}}},"fnMap":{"0":{"name":"(anonymous_0)","decl":{"start":{"line":13,"column":37},"end":{"line":13,"column":38}},"loc":{"start":{"line":13,"column":57},"end":{"line":42,"column":1}}},"1":{"name":"(anonymous_1)","decl":{"start":{"line":16,"column":19},"end":{"line":16,"column":20}},"loc":{"start":{"line":16,"column":21},"end":{"line":16,"column":27}}},"2":{"name":"(anonymous_2)","decl":{"start":{"line":20,"column":17},"end":{"line":20,"column":18}},"loc":{"start":{"line":20,"column":19},"end":{"line":21,"column":7}}},"3":{"name":"(anonymous_3)","decl":{"start":{"line":27,"column":17},"end":{"line":27,"column":18}},"loc":{"start":{"line":27,"column":19},"end":{"line":39,"column":3}}}},"branchMap":{"0":{"loc":{"start":{"line":16,"column":2},"end":{"line":18,"column":null}},"type":"if","locations":[{"start":{"line":16,"column":2},"end":{"line":18,"column":null}},{"start":{"line":16,"column":2},"end":{"line":18,"column":null}}]},"1":{"loc":{"start":{"line":16,"column":26},"end":{"line":16,"column":56}},"type":"binary-expr","locations":[{"start":{"line":16,"column":26},"end":{"line":16,"column":56}},{"start":{"line":16,"column":60},"end":{"line":16,"column":76}}]},"2":{"loc":{"start":{"line":19,"column":2},"end":{"line":25,"column":null}},"type":"if","locations":[{"start":{"line":19,"column":2},"end":{"line":25,"column":null}},{"start":{"line":19,"column":2},"end":{"line":25,"column":null}}]},"3":{"loc":{"start":{"line":21,"column":20},"end":{"line":21,"column":53}},"type":"cond-expr","locations":[{"start":{"line":21,"column":20},"end":{"line":21,"column":53}},{"start":{"line":21,"column":56},"end":{"line":21,"column":61}}]},"4":{"loc":{"start":{"line":28,"column":4},"end":{"line":38,"column":null}},"type":"if","locations":[{"start":{"line":28,"column":4},"end":{"line":38,"column":null}},{"start":{"line":28,"column":4},"end":{"line":38,"column":null}}]},"5":{"loc":{"start":{"line":28,"column":8},"end":{"line":28,"column":19}},"type":"binary-expr","locations":[{"start":{"line":28,"column":8},"end":{"line":28,"column":19}},{"start":{"line":28,"column":23},"end":{"line":28,"column":56}}]},"6":{"loc":{"start":{"line":30,"column":10},"end":{"line":30,"column":44}},"type":"cond-expr","locations":[{"start":{"line":30,"column":10},"end":{"line":30,"column":44}},{"start":{"line":31,"column":10},"end":{"line":31,"column":19}}]},"7":{"loc":{"start":{"line":32,"column":6},"end":{"line":34,"column":null}},"type":"if","locations":[{"start":{"line":32,"column":6},"end":{"line":34,"column":null}},{"start":{"line":32,"column":6},"end":{"line":34,"column":null}}]},"8":{"loc":{"start":{"line":35,"column":6},"end":{"line":37,"column":null}},"type":"if","locations":[{"start":{"line":35,"column":6},"end":{"line":37,"column":null}},{"start":{"line":35,"column":6},"end":{"line":37,"column":null}}]},"9":{"loc":{"start":{"line":35,"column":10},"end":{"line":35,"column":47}},"type":"binary-expr","locations":[{"start":{"line":35,"column":10},"end":{"line":35,"column":47}},{"start":{"line":35,"column":51},"end":{"line":35,"column":70}}]}},"s":{"0":6,"1":6,"2":6,"3":6,"4":13,"5":13,"6":24,"7":1,"8":12,"9":12,"10":1,"11":11,"12":25,"13":11,"14":11,"15":1,"16":10,"17":1,"18":9,"19":6},"f":{"0":13,"1":24,"2":12,"3":25},"b":{"0":[1,12],"1":[24,12],"2":[1,11],"3":[12,0],"4":[11,14],"5":[25,25],"6":[10,1],"7":[1,10],"8":[1,9],"9":[10,4]}}
,"/Users/nameczz/Working/milvus-node-sdk/milvus/utils/index.ts": {"path":"/Users/nameczz/Working/milvus-node-sdk/milvus/utils/index.ts","statementMap":{"0":{"start":{"line":3,"column":28},"end":{"line":4,"column":40}},"1":{"start":{"line":4,"column":2},"end":{"line":4,"column":40}},"2":{"start":{"line":4,"column":18},"end":{"line":4,"column":32}},"3":{"start":{"line":3,"column":13},"end":{"line":3,"column":28}}},"fnMap":{"0":{"name":"(anonymous_0)","decl":{"start":{"line":3,"column":28},"end":{"line":3,"column":29}},"loc":{"start":{"line":3,"column":61},"end":{"line":4,"column":40}}},"1":{"name":"(anonymous_1)","decl":{"start":{"line":4,"column":11},"end":{"line":4,"column":12}},"loc":{"start":{"line":4,"column":13},"end":{"line":4,"column":19}}}},"branchMap":{"0":{"loc":{"start":{"line":4,"column":32},"end":{"line":4,"column":34}},"type":"cond-expr","locations":[{"start":{"line":4,"column":32},"end":{"line":4,"column":34}},{"start":{"line":4,"column":32},"end":{"line":4,"column":39}}]},"1":{"loc":{"start":{"line":4,"column":2},"end":{"line":4,"column":34}},"type":"binary-expr","locations":[{"start":{"line":4,"column":2},"end":{"line":4,"column":34}},{"start":{"line":4,"column":32},"end":{"line":4,"column":34}}]}},"s":{"0":6,"1":37,"2":23,"3":6},"f":{"0":37,"1":23},"b":{"0":[14,23],"1":[37,37]}}
,"/Users/nameczz/Working/milvus-node-sdk/utils/index.ts": {"path":"/Users/nameczz/Working/milvus-node-sdk/utils/index.ts","statementMap":{"0":{"start":{"line":2,"column":14},"end":{"line":15,"column":4}},"1":{"start":{"line":3,"column":4},"end":{"line":12,"column":null}},"2":{"start":{"line":4,"column":6},"end":{"line":9,"column":9}},"3":{"start":{"line":5,"column":8},"end":{"line":7,"column":null}},"4":{"start":{"line":6,"column":10},"end":{"line":6,"column":22}},"5":{"start":{"line":8,"column":8},"end":{"line":8,"column":24}},"6":{"start":{"line":11,"column":6},"end":{"line":11,"column":25}},"7":{"start":{"line":14,"column":4},"end":{"line":14,"column":25}},"8":{"start":{"line":17,"column":2},"end":{"line":17,"column":13}},"9":{"start":{"line":1,"column":0},"end":{"line":1,"column":16}},"10":{"start":{"line":24,"column":18},"end":{"line":24,"column":20}},"11":{"start":{"line":26,"column":21},"end":{"line":26,"column":23}},"12":{"start":{"line":28,"column":4},"end":{"line":33,"column":7}},"13":{"start":{"line":29,"column":38},"end":{"line":29,"column":40}},"14":{"start":{"line":30,"column":6},"end":{"line":32,"column":16}},"15":{"start":{"line":31,"column":36},"end":{"line":31,"column":55}},"16":{"start":{"line":34,"column":4},"end":{"line":34,"column":24}},"17":{"start":{"line":35,"column":4},"end":{"line":35,"column":12}},"18":{"start":{"line":25,"column":2},"end":{"line":36,"column":null}},"19":{"start":{"line":37,"column":2},"end":{"line":37,"column":17}},"20":{"start":{"line":20,"column":0},"end":{"line":20,"column":16}}},"fnMap":{"0":{"name":"promisify","decl":{"start":{"line":1,"column":16},"end":{"line":1,"column":25}},"loc":{"start":{"line":1,"column":63},"end":{"line":18,"column":1}}},"1":{"name":"(anonymous_2)","decl":{"start":{"line":2,"column":26},"end":{"line":2,"column":27}},"loc":{"start":{"line":2,"column":42},"end":{"line":13,"column":3}}},"2":{"name":"(anonymous_3)","decl":{"start":{"line":4,"column":26},"end":{"line":4,"column":27}},"loc":{"start":{"line":4,"column":48},"end":{"line":9,"column":7}}},"3":{"name":"(anonymous_4)","decl":{"start":{"line":13,"column":11},"end":{"line":13,"column":12}},"loc":{"start":{"line":13,"column":15},"end":{"line":15,"column":3}}},"4":{"name":"generateInsertData","decl":{"start":{"line":20,"column":16},"end":{"line":20,"column":34}},"loc":{"start":{"line":22,"column":15},"end":{"line":38,"column":1}}},"5":{"name":"(anonymous_7)","decl":{"start":{"line":28,"column":19},"end":{"line":28,"column":20}},"loc":{"start":{"line":28,"column":21},"end":{"line":33,"column":5}}},"6":{"name":"(anonymous_8)","decl":{"start":{"line":31,"column":30},"end":{"line":31,"column":36}},"loc":{"start":{"line":31,"column":30},"end":{"line":31,"column":40}}}},"branchMap":{"0":{"loc":{"start":{"line":5,"column":8},"end":{"line":7,"column":null}},"type":"if","locations":[{"start":{"line":5,"column":8},"end":{"line":7,"column":null}},{"start":{"line":5,"column":8},"end":{"line":7,"column":null}}]},"1":{"loc":{"start":{"line":31,"column":10},"end":{"line":31,"column":55}},"type":"cond-expr","locations":[{"start":{"line":31,"column":10},"end":{"line":31,"column":55}},{"start":{"line":32,"column":10},"end":{"line":32,"column":15}}]}},"s":{"0":65,"1":65,"2":65,"3":65,"4":0,"5":65,"6":0,"7":0,"8":65,"9":6,"10":7,"11":70,"12":70,"13":570,"14":190,"15":380,"16":70,"17":70,"18":7,"19":7,"20":6},"f":{"0":65,"1":65,"2":65,"3":0,"4":7,"5":190,"6":380},"b":{"0":[0,65],"1":[70,120]}}
}
