{"/Users/nameczz/Working/milvus-node-sdk/const/index.ts": {"path":"/Users/nameczz/Working/milvus-node-sdk/const/index.ts","statementMap":{"0":{"start":{"line":3,"column":13},"end":{"line":3,"column":36}},"1":{"start":{"line":5,"column":13},"end":{"line":5,"column":27}},"2":{"start":{"line":7,"column":13},"end":{"line":7,"column":36}},"3":{"start":{"line":9,"column":29},"end":{"line":10,"column":5}},"4":{"start":{"line":9,"column":30},"end":{"line":9,"column":null}},"5":{"start":{"line":10,"column":2},"end":{"line":10,"column":54}},"6":{"start":{"line":9,"column":13},"end":{"line":9,"column":29}},"7":{"start":{"line":12,"column":13},"end":{"line":12,"column":38}}},"fnMap":{"0":{"name":"(anonymous_0)","decl":{"start":{"line":9,"column":29},"end":{"line":9,"column":30}},"loc":{"start":{"line":9,"column":48},"end":{"line":10,"column":5}}}},"branchMap":{"0":{"loc":{"start":{"line":9,"column":30},"end":{"line":9,"column":null}},"type":"if","locations":[{"start":{"line":9,"column":30},"end":{"line":9,"column":null}},{"start":{"line":9,"column":30},"end":{"line":9,"column":null}}]}},"s":{"0":3,"1":3,"2":3,"3":3,"4":7,"5":4,"6":3,"7":3},"f":{"0":4},"b":{"0":[3,1]}}
,"/Users/nameczz/Working/milvus-node-sdk/milvus/index.ts": {"path":"/Users/nameczz/Working/milvus-node-sdk/milvus/index.ts","statementMap":{"0":{"start":{"line":1,"column":0},"end":{"line":1,"column":37}},"1":{"start":{"line":3,"column":0},"end":{"line":3,"column":null}},"2":{"start":{"line":14,"column":0},"end":{"line":14,"column":24}},"3":{"start":{"line":15,"column":0},"end":{"line":15,"column":50}},"4":{"start":{"line":16,"column":0},"end":{"line":16,"column":67}},"5":{"start":{"line":17,"column":0},"end":{"line":17,"column":39}},"6":{"start":{"line":45,"column":0},"end":{"line":45,"column":57}},"7":{"start":{"line":46,"column":0},"end":{"line":46,"column":53}},"8":{"start":{"line":49,"column":18},"end":{"line":49,"column":71}},"9":{"start":{"line":50,"column":19},"end":{"line":50,"column":72}},"10":{"start":{"line":52,"column":0},"end":{"line":52,"column":13}},"11":{"start":{"line":61,"column":30},"end":{"line":67,"column":6}},"12":{"start":{"line":68,"column":23},"end":{"line":68,"column":63}},"13":{"start":{"line":69,"column":25},"end":{"line":69,"column":63}},"14":{"start":{"line":70,"column":19},"end":{"line":72,"column":null}},"15":{"start":{"line":74,"column":4},"end":{"line":74,"column":31}},"16":{"start":{"line":117,"column":8},"end":{"line":165,"column":null}},"17":{"start":{"line":118,"column":12},"end":{"line":118,"column":53}},"18":{"start":{"line":119,"column":4},"end":{"line":124,"column":null}},"19":{"start":{"line":120,"column":6},"end":{"line":123,"column":8}},"20":{"start":{"line":125,"column":10},"end":{"line":125,"column":60}},"21":{"start":{"line":126,"column":4},"end":{"line":128,"column":null}},"22":{"start":{"line":127,"column":6},"end":{"line":127,"column":31}},"23":{"start":{"line":130,"column":17},"end":{"line":130,"column":null}},"24":{"start":{"line":130,"column":10},"end":{"line":130,"column":null}},"25":{"start":{"line":131,"column":4},"end":{"line":131,"column":53}},"26":{"start":{"line":131,"column":15},"end":{"line":131,"column":53}},"27":{"start":{"line":133,"column":10},"end":{"line":135,"column":6}},"28":{"start":{"line":137,"column":10},"end":{"line":137,"column":75}},"29":{"start":{"line":139,"column":8},"end":{"line":143,"column":6}},"30":{"start":{"line":145,"column":4},"end":{"line":155,"column":7}},"31":{"start":{"line":146,"column":17},"end":{"line":150,"column":null}},"32":{"start":{"line":152,"column":26},"end":{"line":152,"column":51}},"33":{"start":{"line":154,"column":6},"end":{"line":154,"column":39}},"34":{"start":{"line":157,"column":10},"end":{"line":157,"column":62}},"35":{"start":{"line":158,"column":10},"end":{"line":158,"column":75}},"36":{"start":{"line":159,"column":20},"end":{"line":162,"column":null}},"37":{"start":{"line":159,"column":10},"end":{"line":162,"column":null}},"38":{"start":{"line":164,"column":4},"end":{"line":164,"column":19}},"39":{"start":{"line":172,"column":8},"end":{"line":178,"column":null}},"40":{"start":{"line":173,"column":4},"end":{"line":175,"column":null}},"41":{"start":{"line":174,"column":6},"end":{"line":174,"column":50}},"42":{"start":{"line":176,"column":20},"end":{"line":176,"column":null}},"43":{"start":{"line":176,"column":10},"end":{"line":176,"column":null}},"44":{"start":{"line":177,"column":4},"end":{"line":177,"column":19}},"45":{"start":{"line":184,"column":8},"end":{"line":192,"column":null}},"46":{"start":{"line":187,"column":4},"end":{"line":187,"column":35}},"47":{"start":{"line":188,"column":20},"end":{"line":190,"column":null}},"48":{"start":{"line":188,"column":10},"end":{"line":190,"column":null}},"49":{"start":{"line":191,"column":4},"end":{"line":191,"column":19}},"50":{"start":{"line":199,"column":8},"end":{"line":208,"column":null}},"51":{"start":{"line":202,"column":20},"end":{"line":206,"column":null}},"52":{"start":{"line":202,"column":10},"end":{"line":206,"column":null}},"53":{"start":{"line":207,"column":4},"end":{"line":207,"column":19}},"54":{"start":{"line":210,"column":8},"end":{"line":219,"column":null}},"55":{"start":{"line":213,"column":20},"end":{"line":217,"column":null}},"56":{"start":{"line":213,"column":10},"end":{"line":217,"column":null}},"57":{"start":{"line":218,"column":4},"end":{"line":218,"column":19}},"58":{"start":{"line":221,"column":8},"end":{"line":224,"column":null}},"59":{"start":{"line":222,"column":20},"end":{"line":222,"column":null}},"60":{"start":{"line":222,"column":10},"end":{"line":222,"column":null}},"61":{"start":{"line":223,"column":4},"end":{"line":223,"column":19}},"62":{"start":{"line":226,"column":8},"end":{"line":233,"column":null}},"63":{"start":{"line":227,"column":20},"end":{"line":231,"column":null}},"64":{"start":{"line":227,"column":10},"end":{"line":231,"column":null}},"65":{"start":{"line":232,"column":4},"end":{"line":232,"column":19}},"66":{"start":{"line":235,"column":8},"end":{"line":238,"column":null}},"67":{"start":{"line":236,"column":20},"end":{"line":236,"column":null}},"68":{"start":{"line":236,"column":10},"end":{"line":236,"column":null}},"69":{"start":{"line":237,"column":4},"end":{"line":237,"column":19}},"70":{"start":{"line":240,"column":8},"end":{"line":243,"column":null}},"71":{"start":{"line":241,"column":20},"end":{"line":241,"column":null}},"72":{"start":{"line":241,"column":10},"end":{"line":241,"column":null}},"73":{"start":{"line":242,"column":4},"end":{"line":242,"column":19}},"74":{"start":{"line":245,"column":8},"end":{"line":248,"column":null}},"75":{"start":{"line":246,"column":20},"end":{"line":246,"column":null}},"76":{"start":{"line":246,"column":10},"end":{"line":246,"column":null}},"77":{"start":{"line":247,"column":4},"end":{"line":247,"column":19}},"78":{"start":{"line":250,"column":8},"end":{"line":255,"column":null}},"79":{"start":{"line":253,"column":20},"end":{"line":253,"column":null}},"80":{"start":{"line":253,"column":10},"end":{"line":253,"column":null}},"81":{"start":{"line":254,"column":4},"end":{"line":254,"column":19}},"82":{"start":{"line":257,"column":8},"end":{"line":266,"column":null}},"83":{"start":{"line":260,"column":20},"end":{"line":264,"column":null}},"84":{"start":{"line":260,"column":10},"end":{"line":264,"column":null}},"85":{"start":{"line":265,"column":4},"end":{"line":265,"column":19}},"86":{"start":{"line":268,"column":8},"end":{"line":271,"column":null}},"87":{"start":{"line":269,"column":20},"end":{"line":269,"column":null}},"88":{"start":{"line":269,"column":10},"end":{"line":269,"column":null}},"89":{"start":{"line":270,"column":4},"end":{"line":270,"column":19}},"90":{"start":{"line":273,"column":8},"end":{"line":280,"column":null}},"91":{"start":{"line":274,"column":20},"end":{"line":278,"column":null}},"92":{"start":{"line":274,"column":10},"end":{"line":278,"column":null}},"93":{"start":{"line":279,"column":4},"end":{"line":279,"column":19}},"94":{"start":{"line":282,"column":8},"end":{"line":285,"column":null}},"95":{"start":{"line":283,"column":20},"end":{"line":283,"column":null}},"96":{"start":{"line":283,"column":10},"end":{"line":283,"column":null}},"97":{"start":{"line":284,"column":4},"end":{"line":284,"column":19}},"98":{"start":{"line":287,"column":8},"end":{"line":290,"column":null}},"99":{"start":{"line":288,"column":20},"end":{"line":288,"column":null}},"100":{"start":{"line":288,"column":10},"end":{"line":288,"column":null}},"101":{"start":{"line":289,"column":4},"end":{"line":289,"column":19}},"102":{"start":{"line":292,"column":8},"end":{"line":295,"column":null}},"103":{"start":{"line":293,"column":20},"end":{"line":293,"column":null}},"104":{"start":{"line":293,"column":10},"end":{"line":293,"column":null}},"105":{"start":{"line":294,"column":4},"end":{"line":294,"column":19}},"106":{"start":{"line":297,"column":8},"end":{"line":300,"column":null}},"107":{"start":{"line":298,"column":20},"end":{"line":298,"column":null}},"108":{"start":{"line":298,"column":10},"end":{"line":298,"column":null}},"109":{"start":{"line":299,"column":4},"end":{"line":299,"column":19}},"110":{"start":{"line":302,"column":8},"end":{"line":311,"column":null}},"111":{"start":{"line":305,"column":20},"end":{"line":309,"column":null}},"112":{"start":{"line":305,"column":10},"end":{"line":309,"column":null}},"113":{"start":{"line":310,"column":4},"end":{"line":310,"column":19}},"114":{"start":{"line":313,"column":8},"end":{"line":316,"column":null}},"115":{"start":{"line":314,"column":20},"end":{"line":314,"column":null}},"116":{"start":{"line":314,"column":10},"end":{"line":314,"column":null}},"117":{"start":{"line":315,"column":4},"end":{"line":315,"column":19}},"118":{"start":{"line":319,"column":8},"end":{"line":346,"column":null}},"119":{"start":{"line":320,"column":17},"end":{"line":320,"column":null}},"120":{"start":{"line":320,"column":10},"end":{"line":320,"column":null}},"121":{"start":{"line":321,"column":4},"end":{"line":321,"column":60}},"122":{"start":{"line":321,"column":15},"end":{"line":321,"column":60}},"123":{"start":{"line":323,"column":10},"end":{"line":325,"column":6}},"124":{"start":{"line":327,"column":10},"end":{"line":335,"column":7}},"125":{"start":{"line":337,"column":10},"end":{"line":339,"column":15}},"126":{"start":{"line":341,"column":20},"end":{"line":344,"column":null}},"127":{"start":{"line":341,"column":10},"end":{"line":344,"column":null}},"128":{"start":{"line":345,"column":4},"end":{"line":345,"column":19}},"129":{"start":{"line":347,"column":0},"end":{"line":347,"column":null}},"130":{"start":{"line":52,"column":13},"end":{"line":52,"column":23}}},"fnMap":{"0":{"name":"(anonymous_22)","decl":{"start":{"line":52,"column":0},"end":{"line":52,"column":13}},"loc":{"start":{"line":52,"column":0},"end":{"line":347,"column":null}}},"1":{"name":"MilvusNode","decl":{"start":{"line":60,"column":2},"end":{"line":60,"column":14}},"loc":{"start":{"line":60,"column":24},"end":{"line":75,"column":3}}},"2":{"name":"(anonymous_24)","decl":{"start":{"line":117,"column":2},"end":{"line":117,"column":8}},"loc":{"start":{"line":117,"column":50},"end":{"line":165,"column":null}}},"3":{"name":"(anonymous_27)","decl":{"start":{"line":145,"column":24},"end":{"line":145,"column":25}},"loc":{"start":{"line":145,"column":30},"end":{"line":155,"column":5}}},"4":{"name":"(anonymous_28)","decl":{"start":{"line":172,"column":2},"end":{"line":172,"column":8}},"loc":{"start":{"line":172,"column":44},"end":{"line":178,"column":null}}},"5":{"name":"(anonymous_31)","decl":{"start":{"line":184,"column":2},"end":{"line":184,"column":8}},"loc":{"start":{"line":185,"column":29},"end":{"line":192,"column":null}}},"6":{"name":"(anonymous_34)","decl":{"start":{"line":199,"column":2},"end":{"line":199,"column":8}},"loc":{"start":{"line":200,"column":31},"end":{"line":208,"column":null}}},"7":{"name":"(anonymous_37)","decl":{"start":{"line":210,"column":2},"end":{"line":210,"column":8}},"loc":{"start":{"line":211,"column":36},"end":{"line":219,"column":null}}},"8":{"name":"(anonymous_40)","decl":{"start":{"line":221,"column":2},"end":{"line":221,"column":8}},"loc":{"start":{"line":221,"column":46},"end":{"line":224,"column":null}}},"9":{"name":"(anonymous_43)","decl":{"start":{"line":226,"column":2},"end":{"line":226,"column":8}},"loc":{"start":{"line":226,"column":56},"end":{"line":233,"column":null}}},"10":{"name":"(anonymous_46)","decl":{"start":{"line":235,"column":2},"end":{"line":235,"column":8}},"loc":{"start":{"line":235,"column":46},"end":{"line":238,"column":null}}},"11":{"name":"(anonymous_49)","decl":{"start":{"line":240,"column":2},"end":{"line":240,"column":8}},"loc":{"start":{"line":240,"column":48},"end":{"line":243,"column":null}}},"12":{"name":"(anonymous_52)","decl":{"start":{"line":245,"column":2},"end":{"line":245,"column":8}},"loc":{"start":{"line":245,"column":42},"end":{"line":248,"column":null}}},"13":{"name":"(anonymous_55)","decl":{"start":{"line":250,"column":2},"end":{"line":250,"column":8}},"loc":{"start":{"line":251,"column":27},"end":{"line":255,"column":null}}},"14":{"name":"(anonymous_58)","decl":{"start":{"line":257,"column":2},"end":{"line":257,"column":8}},"loc":{"start":{"line":258,"column":35},"end":{"line":266,"column":null}}},"15":{"name":"(anonymous_61)","decl":{"start":{"line":268,"column":2},"end":{"line":268,"column":8}},"loc":{"start":{"line":268,"column":46},"end":{"line":271,"column":null}}},"16":{"name":"(anonymous_64)","decl":{"start":{"line":273,"column":2},"end":{"line":273,"column":8}},"loc":{"start":{"line":273,"column":49},"end":{"line":280,"column":null}}},"17":{"name":"(anonymous_67)","decl":{"start":{"line":282,"column":2},"end":{"line":282,"column":8}},"loc":{"start":{"line":282,"column":44},"end":{"line":285,"column":null}}},"18":{"name":"(anonymous_70)","decl":{"start":{"line":287,"column":2},"end":{"line":287,"column":8}},"loc":{"start":{"line":287,"column":40},"end":{"line":290,"column":null}}},"19":{"name":"(anonymous_73)","decl":{"start":{"line":292,"column":2},"end":{"line":292,"column":8}},"loc":{"start":{"line":292,"column":44},"end":{"line":295,"column":null}}},"20":{"name":"(anonymous_76)","decl":{"start":{"line":297,"column":2},"end":{"line":297,"column":8}},"loc":{"start":{"line":297,"column":44},"end":{"line":300,"column":null}}},"21":{"name":"(anonymous_79)","decl":{"start":{"line":302,"column":2},"end":{"line":302,"column":8}},"loc":{"start":{"line":303,"column":34},"end":{"line":311,"column":null}}},"22":{"name":"(anonymous_82)","decl":{"start":{"line":313,"column":2},"end":{"line":313,"column":8}},"loc":{"start":{"line":313,"column":36},"end":{"line":316,"column":null}}},"23":{"name":"(anonymous_85)","decl":{"start":{"line":319,"column":2},"end":{"line":319,"column":8}},"loc":{"start":{"line":319,"column":30},"end":{"line":346,"column":null}}}},"branchMap":{"0":{"loc":{"start":{"line":119,"column":4},"end":{"line":124,"column":null}},"type":"if","locations":[{"start":{"line":119,"column":4},"end":{"line":124,"column":null}},{"start":{"line":119,"column":4},"end":{"line":124,"column":null}}]},"1":{"loc":{"start":{"line":119,"column":8},"end":{"line":119,"column":15}},"type":"binary-expr","locations":[{"start":{"line":119,"column":8},"end":{"line":119,"column":15}},{"start":{"line":119,"column":19},"end":{"line":119,"column":33}},{"start":{"line":119,"column":37},"end":{"line":119,"column":53}}]},"2":{"loc":{"start":{"line":126,"column":4},"end":{"line":128,"column":null}},"type":"if","locations":[{"start":{"line":126,"column":4},"end":{"line":128,"column":null}},{"start":{"line":126,"column":4},"end":{"line":128,"column":null}}]},"3":{"loc":{"start":{"line":131,"column":4},"end":{"line":131,"column":53}},"type":"if","locations":[{"start":{"line":131,"column":4},"end":{"line":131,"column":53}},{"start":{"line":131,"column":4},"end":{"line":131,"column":53}}]},"4":{"loc":{"start":{"line":141,"column":19},"end":{"line":141,"column":30}},"type":"binary-expr","locations":[{"start":{"line":141,"column":19},"end":{"line":141,"column":30}},{"start":{"line":141,"column":34},"end":{"line":141,"column":36}}]},"5":{"loc":{"start":{"line":173,"column":4},"end":{"line":175,"column":null}},"type":"if","locations":[{"start":{"line":173,"column":4},"end":{"line":175,"column":null}},{"start":{"line":173,"column":4},"end":{"line":175,"column":null}}]},"6":{"loc":{"start":{"line":189,"column":19},"end":{"line":189,"column":28}},"type":"cond-expr","locations":[{"start":{"line":189,"column":19},"end":{"line":189,"column":28}},{"start":{"line":189,"column":31},"end":{"line":189,"column":54}}]},"7":{"loc":{"start":{"line":202,"column":20},"end":{"line":206,"column":null}},"type":"switch","locations":[{"start":{"line":202,"column":20},"end":{"line":206,"column":null}}]},"8":{"loc":{"start":{"line":213,"column":20},"end":{"line":217,"column":null}},"type":"switch","locations":[{"start":{"line":213,"column":20},"end":{"line":217,"column":null}}]},"9":{"loc":{"start":{"line":222,"column":20},"end":{"line":222,"column":null}},"type":"switch","locations":[{"start":{"line":222,"column":20},"end":{"line":222,"column":null}}]},"10":{"loc":{"start":{"line":227,"column":20},"end":{"line":231,"column":null}},"type":"switch","locations":[{"start":{"line":227,"column":20},"end":{"line":231,"column":null}}]},"11":{"loc":{"start":{"line":236,"column":20},"end":{"line":236,"column":null}},"type":"switch","locations":[{"start":{"line":236,"column":20},"end":{"line":236,"column":null}}]},"12":{"loc":{"start":{"line":241,"column":20},"end":{"line":241,"column":null}},"type":"switch","locations":[{"start":{"line":241,"column":20},"end":{"line":241,"column":null}}]},"13":{"loc":{"start":{"line":246,"column":20},"end":{"line":246,"column":null}},"type":"switch","locations":[{"start":{"line":246,"column":20},"end":{"line":246,"column":null}}]},"14":{"loc":{"start":{"line":253,"column":20},"end":{"line":253,"column":null}},"type":"switch","locations":[{"start":{"line":253,"column":20},"end":{"line":253,"column":null}}]},"15":{"loc":{"start":{"line":260,"column":20},"end":{"line":264,"column":null}},"type":"switch","locations":[{"start":{"line":260,"column":20},"end":{"line":264,"column":null}}]},"16":{"loc":{"start":{"line":269,"column":20},"end":{"line":269,"column":null}},"type":"switch","locations":[{"start":{"line":269,"column":20},"end":{"line":269,"column":null}}]},"17":{"loc":{"start":{"line":274,"column":20},"end":{"line":278,"column":null}},"type":"switch","locations":[{"start":{"line":274,"column":20},"end":{"line":278,"column":null}}]},"18":{"loc":{"start":{"line":283,"column":20},"end":{"line":283,"column":null}},"type":"switch","locations":[{"start":{"line":283,"column":20},"end":{"line":283,"column":null}}]},"19":{"loc":{"start":{"line":288,"column":20},"end":{"line":288,"column":null}},"type":"switch","locations":[{"start":{"line":288,"column":20},"end":{"line":288,"column":null}}]},"20":{"loc":{"start":{"line":293,"column":20},"end":{"line":293,"column":null}},"type":"switch","locations":[{"start":{"line":293,"column":20},"end":{"line":293,"column":null}}]},"21":{"loc":{"start":{"line":298,"column":20},"end":{"line":298,"column":null}},"type":"switch","locations":[{"start":{"line":298,"column":20},"end":{"line":298,"column":null}}]},"22":{"loc":{"start":{"line":305,"column":20},"end":{"line":309,"column":null}},"type":"switch","locations":[{"start":{"line":305,"column":20},"end":{"line":309,"column":null}}]},"23":{"loc":{"start":{"line":314,"column":20},"end":{"line":314,"column":null}},"type":"switch","locations":[{"start":{"line":314,"column":20},"end":{"line":314,"column":null}}]},"24":{"loc":{"start":{"line":320,"column":17},"end":{"line":320,"column":null}},"type":"switch","locations":[{"start":{"line":320,"column":17},"end":{"line":320,"column":null}}]},"25":{"loc":{"start":{"line":321,"column":4},"end":{"line":321,"column":60}},"type":"if","locations":[{"start":{"line":321,"column":4},"end":{"line":321,"column":60}},{"start":{"line":321,"column":4},"end":{"line":321,"column":60}}]}},"s":{"0":3,"1":3,"2":3,"3":3,"4":3,"5":3,"6":3,"7":3,"8":3,"9":3,"10":3,"11":3,"12":3,"13":3,"14":3,"15":3,"16":3,"17":6,"18":6,"19":0,"20":6,"21":6,"22":2,"23":4,"24":4,"25":4,"26":0,"27":4,"28":4,"29":4,"30":4,"31":8,"32":8,"33":8,"34":4,"35":4,"36":4,"37":4,"38":4,"39":3,"40":2,"41":0,"42":2,"43":2,"44":2,"45":3,"46":3,"47":3,"48":3,"49":3,"50":3,"51":2,"52":2,"53":2,"54":3,"55":1,"56":1,"57":1,"58":3,"59":1,"60":1,"61":1,"62":3,"63":1,"64":1,"65":1,"66":3,"67":4,"68":4,"69":4,"70":3,"71":2,"72":2,"73":2,"74":3,"75":3,"76":3,"77":3,"78":3,"79":1,"80":1,"81":1,"82":3,"83":1,"84":1,"85":1,"86":3,"87":0,"88":0,"89":0,"90":3,"91":0,"92":0,"93":0,"94":3,"95":1,"96":1,"97":1,"98":3,"99":1,"100":1,"101":1,"102":3,"103":1,"104":1,"105":1,"106":3,"107":1,"108":1,"109":1,"110":3,"111":1,"112":1,"113":1,"114":3,"115":1,"116":1,"117":1,"118":3,"119":0,"120":0,"121":0,"122":0,"123":0,"124":0,"125":0,"126":0,"127":0,"128":0,"129":3,"130":3},"f":{"0":3,"1":3,"2":6,"3":8,"4":2,"5":3,"6":2,"7":1,"8":1,"9":1,"10":4,"11":2,"12":3,"13":1,"14":1,"15":0,"16":0,"17":1,"18":1,"19":1,"20":1,"21":1,"22":1,"23":0},"b":{"0":[0,6],"1":[6,6,6],"2":[2,4],"3":[0,4],"4":[4,2],"5":[0,2],"6":[2,1],"7":[2],"8":[1],"9":[1],"10":[1],"11":[4],"12":[2],"13":[3],"14":[1],"15":[1],"16":[0],"17":[0],"18":[1],"19":[1],"20":[1],"21":[1],"22":[1],"23":[1],"24":[0],"25":[0,0]}}
,"/Users/nameczz/Working/milvus-node-sdk/milvus/const/ErrorCode.ts": {"path":"/Users/nameczz/Working/milvus-node-sdk/milvus/const/ErrorCode.ts","statementMap":{"0":{"start":{"line":1,"column":13},"end":{"line":1,"column":36}}},"fnMap":{},"branchMap":{},"s":{"0":3},"f":{},"b":{}}
,"/Users/nameczz/Working/milvus-node-sdk/milvus/types/Collection.ts": {"path":"/Users/nameczz/Working/milvus-node-sdk/milvus/types/Collection.ts","statementMap":{"0":{"start":{"line":12,"column":0},"end":{"line":12,"column":null}},"1":{"start":{"line":13,"column":2},"end":{"line":13,"column":null}},"2":{"start":{"line":14,"column":2},"end":{"line":14,"column":null}}},"fnMap":{"0":{"name":"(anonymous_0)","decl":{"start":{"line":12,"column":0},"end":{"line":12,"column":12}},"loc":{"start":{"line":12,"column":31},"end":{"line":15,"column":1}}}},"branchMap":{"0":{"loc":{"start":{"line":12,"column":12},"end":{"line":12,"column":31}},"type":"binary-expr","locations":[{"start":{"line":12,"column":12},"end":{"line":12,"column":31}},{"start":{"line":12,"column":12},"end":{"line":12,"column":null}}]}},"s":{"0":3,"1":3,"2":3},"f":{"0":3},"b":{"0":[3,3]}}
,"/Users/nameczz/Working/milvus-node-sdk/milvus/types/Common.ts": {"path":"/Users/nameczz/Working/milvus-node-sdk/milvus/types/Common.ts","statementMap":{"0":{"start":{"line":1,"column":0},"end":{"line":1,"column":null}},"1":{"start":{"line":2,"column":2},"end":{"line":2,"column":null}},"2":{"start":{"line":4,"column":2},"end":{"line":4,"column":null}},"3":{"start":{"line":6,"column":2},"end":{"line":6,"column":null}},"4":{"start":{"line":8,"column":2},"end":{"line":8,"column":null}},"5":{"start":{"line":10,"column":2},"end":{"line":10,"column":null}},"6":{"start":{"line":12,"column":2},"end":{"line":12,"column":null}},"7":{"start":{"line":14,"column":2},"end":{"line":14,"column":null}},"8":{"start":{"line":16,"column":2},"end":{"line":16,"column":null}},"9":{"start":{"line":19,"column":0},"end":{"line":19,"column":null}},"10":{"start":{"line":21,"column":2},"end":{"line":21,"column":null}},"11":{"start":{"line":23,"column":2},"end":{"line":23,"column":null}},"12":{"start":{"line":25,"column":2},"end":{"line":25,"column":null}},"13":{"start":{"line":27,"column":2},"end":{"line":27,"column":null}},"14":{"start":{"line":29,"column":2},"end":{"line":29,"column":null}},"15":{"start":{"line":31,"column":2},"end":{"line":31,"column":null}},"16":{"start":{"line":33,"column":2},"end":{"line":33,"column":null}},"17":{"start":{"line":35,"column":2},"end":{"line":35,"column":null}},"18":{"start":{"line":37,"column":2},"end":{"line":37,"column":null}},"19":{"start":{"line":39,"column":2},"end":{"line":39,"column":null}},"20":{"start":{"line":41,"column":2},"end":{"line":41,"column":null}},"21":{"start":{"line":44,"column":0},"end":{"line":44,"column":null}},"22":{"start":{"line":45,"column":2},"end":{"line":45,"column":null}},"23":{"start":{"line":47,"column":2},"end":{"line":47,"column":null}},"24":{"start":{"line":48,"column":2},"end":{"line":48,"column":null}},"25":{"start":{"line":49,"column":2},"end":{"line":49,"column":null}},"26":{"start":{"line":50,"column":2},"end":{"line":50,"column":null}},"27":{"start":{"line":51,"column":2},"end":{"line":51,"column":null}},"28":{"start":{"line":52,"column":2},"end":{"line":52,"column":null}},"29":{"start":{"line":53,"column":2},"end":{"line":53,"column":null}},"30":{"start":{"line":54,"column":2},"end":{"line":54,"column":null}},"31":{"start":{"line":57,"column":2},"end":{"line":57,"column":null}},"32":{"start":{"line":58,"column":2},"end":{"line":58,"column":null}},"33":{"start":{"line":59,"column":2},"end":{"line":59,"column":null}},"34":{"start":{"line":60,"column":2},"end":{"line":60,"column":null}},"35":{"start":{"line":61,"column":2},"end":{"line":61,"column":null}},"36":{"start":{"line":62,"column":2},"end":{"line":62,"column":null}},"37":{"start":{"line":63,"column":2},"end":{"line":63,"column":null}},"38":{"start":{"line":66,"column":2},"end":{"line":66,"column":null}},"39":{"start":{"line":67,"column":2},"end":{"line":67,"column":null}},"40":{"start":{"line":70,"column":2},"end":{"line":70,"column":null}},"41":{"start":{"line":71,"column":2},"end":{"line":71,"column":null}},"42":{"start":{"line":72,"column":2},"end":{"line":72,"column":null}},"43":{"start":{"line":75,"column":2},"end":{"line":75,"column":null}},"44":{"start":{"line":76,"column":2},"end":{"line":76,"column":null}},"45":{"start":{"line":77,"column":2},"end":{"line":77,"column":null}},"46":{"start":{"line":80,"column":2},"end":{"line":80,"column":null}},"47":{"start":{"line":81,"column":2},"end":{"line":81,"column":null}},"48":{"start":{"line":82,"column":2},"end":{"line":82,"column":null}},"49":{"start":{"line":83,"column":2},"end":{"line":83,"column":null}},"50":{"start":{"line":84,"column":2},"end":{"line":84,"column":null}},"51":{"start":{"line":85,"column":2},"end":{"line":85,"column":null}},"52":{"start":{"line":86,"column":2},"end":{"line":86,"column":null}},"53":{"start":{"line":87,"column":2},"end":{"line":87,"column":null}},"54":{"start":{"line":90,"column":2},"end":{"line":90,"column":null}},"55":{"start":{"line":93,"column":2},"end":{"line":93,"column":null}},"56":{"start":{"line":94,"column":2},"end":{"line":94,"column":null}},"57":{"start":{"line":95,"column":2},"end":{"line":95,"column":null}},"58":{"start":{"line":96,"column":2},"end":{"line":96,"column":null}},"59":{"start":{"line":97,"column":2},"end":{"line":97,"column":null}},"60":{"start":{"line":98,"column":2},"end":{"line":98,"column":null}},"61":{"start":{"line":99,"column":2},"end":{"line":99,"column":null}},"62":{"start":{"line":100,"column":2},"end":{"line":100,"column":null}},"63":{"start":{"line":112,"column":0},"end":{"line":112,"column":null}},"64":{"start":{"line":113,"column":2},"end":{"line":113,"column":null}},"65":{"start":{"line":114,"column":2},"end":{"line":114,"column":null}},"66":{"start":{"line":115,"column":2},"end":{"line":115,"column":null}},"67":{"start":{"line":116,"column":2},"end":{"line":116,"column":null}},"68":{"start":{"line":117,"column":2},"end":{"line":117,"column":null}},"69":{"start":{"line":118,"column":2},"end":{"line":118,"column":null}},"70":{"start":{"line":120,"column":2},"end":{"line":120,"column":null}},"71":{"start":{"line":121,"column":2},"end":{"line":121,"column":null}},"72":{"start":{"line":123,"column":2},"end":{"line":123,"column":null}},"73":{"start":{"line":125,"column":2},"end":{"line":125,"column":null}},"74":{"start":{"line":126,"column":2},"end":{"line":126,"column":null}},"75":{"start":{"line":134,"column":0},"end":{"line":134,"column":null}},"76":{"start":{"line":135,"column":2},"end":{"line":135,"column":null}},"77":{"start":{"line":136,"column":2},"end":{"line":136,"column":null}},"78":{"start":{"line":137,"column":2},"end":{"line":137,"column":null}},"79":{"start":{"line":138,"column":2},"end":{"line":138,"column":null}},"80":{"start":{"line":139,"column":2},"end":{"line":139,"column":null}},"81":{"start":{"line":142,"column":0},"end":{"line":142,"column":null}},"82":{"start":{"line":143,"column":2},"end":{"line":143,"column":null}},"83":{"start":{"line":144,"column":2},"end":{"line":144,"column":null}}},"fnMap":{"0":{"name":"(anonymous_0)","decl":{"start":{"line":1,"column":0},"end":{"line":1,"column":12}},"loc":{"start":{"line":1,"column":22},"end":{"line":17,"column":1}}},"1":{"name":"(anonymous_1)","decl":{"start":{"line":19,"column":0},"end":{"line":19,"column":12}},"loc":{"start":{"line":19,"column":21},"end":{"line":42,"column":1}}},"2":{"name":"(anonymous_2)","decl":{"start":{"line":44,"column":0},"end":{"line":44,"column":12}},"loc":{"start":{"line":44,"column":19},"end":{"line":101,"column":1}}},"3":{"name":"(anonymous_3)","decl":{"start":{"line":112,"column":0},"end":{"line":112,"column":12}},"loc":{"start":{"line":112,"column":20},"end":{"line":127,"column":1}}},"4":{"name":"(anonymous_4)","decl":{"start":{"line":134,"column":0},"end":{"line":134,"column":12}},"loc":{"start":{"line":134,"column":22},"end":{"line":140,"column":1}}},"5":{"name":"(anonymous_5)","decl":{"start":{"line":142,"column":0},"end":{"line":142,"column":12}},"loc":{"start":{"line":142,"column":19},"end":{"line":145,"column":1}}}},"branchMap":{"0":{"loc":{"start":{"line":1,"column":12},"end":{"line":1,"column":22}},"type":"binary-expr","locations":[{"start":{"line":1,"column":12},"end":{"line":1,"column":22}},{"start":{"line":1,"column":12},"end":{"line":1,"column":null}}]},"1":{"loc":{"start":{"line":19,"column":12},"end":{"line":19,"column":21}},"type":"binary-expr","locations":[{"start":{"line":19,"column":12},"end":{"line":19,"column":21}},{"start":{"line":19,"column":12},"end":{"line":19,"column":null}}]},"2":{"loc":{"start":{"line":44,"column":12},"end":{"line":44,"column":19}},"type":"binary-expr","locations":[{"start":{"line":44,"column":12},"end":{"line":44,"column":19}},{"start":{"line":44,"column":12},"end":{"line":44,"column":null}}]},"3":{"loc":{"start":{"line":112,"column":12},"end":{"line":112,"column":20}},"type":"binary-expr","locations":[{"start":{"line":112,"column":12},"end":{"line":112,"column":20}},{"start":{"line":112,"column":12},"end":{"line":112,"column":null}}]},"4":{"loc":{"start":{"line":134,"column":12},"end":{"line":134,"column":22}},"type":"binary-expr","locations":[{"start":{"line":134,"column":12},"end":{"line":134,"column":22}},{"start":{"line":134,"column":12},"end":{"line":134,"column":null}}]},"5":{"loc":{"start":{"line":142,"column":12},"end":{"line":142,"column":19}},"type":"binary-expr","locations":[{"start":{"line":142,"column":12},"end":{"line":142,"column":19}},{"start":{"line":142,"column":12},"end":{"line":142,"column":null}}]}},"s":{"0":3,"1":3,"2":3,"3":3,"4":3,"5":3,"6":3,"7":3,"8":3,"9":3,"10":3,"11":3,"12":3,"13":3,"14":3,"15":3,"16":3,"17":3,"18":3,"19":3,"20":3,"21":3,"22":3,"23":3,"24":3,"25":3,"26":3,"27":3,"28":3,"29":3,"30":3,"31":3,"32":3,"33":3,"34":3,"35":3,"36":3,"37":3,"38":3,"39":3,"40":3,"41":3,"42":3,"43":3,"44":3,"45":3,"46":3,"47":3,"48":3,"49":3,"50":3,"51":3,"52":3,"53":3,"54":3,"55":3,"56":3,"57":3,"58":3,"59":3,"60":3,"61":3,"62":3,"63":3,"64":3,"65":3,"66":3,"67":3,"68":3,"69":3,"70":3,"71":3,"72":3,"73":3,"74":3,"75":3,"76":3,"77":3,"78":3,"79":3,"80":3,"81":3,"82":3,"83":3},"f":{"0":3,"1":3,"2":3,"3":3,"4":3,"5":3},"b":{"0":[3,3],"1":[3,3],"2":[3,3],"3":[3,3],"4":[3,3],"5":[3,3]}}
,"/Users/nameczz/Working/milvus-node-sdk/milvus/types/Response.ts": {"path":"/Users/nameczz/Working/milvus-node-sdk/milvus/types/Response.ts","statementMap":{"0":{"start":{"line":2,"column":0},"end":{"line":2,"column":null}},"1":{"start":{"line":3,"column":2},"end":{"line":3,"column":null}},"2":{"start":{"line":4,"column":2},"end":{"line":4,"column":null}}},"fnMap":{"0":{"name":"(anonymous_0)","decl":{"start":{"line":2,"column":0},"end":{"line":2,"column":12}},"loc":{"start":{"line":2,"column":21},"end":{"line":28,"column":1}}}},"branchMap":{"0":{"loc":{"start":{"line":2,"column":12},"end":{"line":2,"column":21}},"type":"binary-expr","locations":[{"start":{"line":2,"column":12},"end":{"line":2,"column":21}},{"start":{"line":2,"column":12},"end":{"line":2,"column":null}}]}},"s":{"0":3,"1":3,"2":3},"f":{"0":3},"b":{"0":[3,3]}}
,"/Users/nameczz/Working/milvus-node-sdk/milvus/utils/Validate.ts": {"path":"/Users/nameczz/Working/milvus-node-sdk/milvus/utils/Validate.ts","statementMap":{"0":{"start":{"line":1,"column":0},"end":{"line":1,"column":54}},"1":{"start":{"line":3,"column":0},"end":{"line":3,"column":43}},"2":{"start":{"line":11,"column":37},"end":{"line":32,"column":1}},"3":{"start":{"line":12,"column":2},"end":{"line":18,"column":null}},"4":{"start":{"line":12,"column":26},"end":{"line":12,"column":77}},"5":{"start":{"line":13,"column":4},"end":{"line":17,"column":6}},"6":{"start":{"line":19,"column":2},"end":{"line":30,"column":null}},"7":{"start":{"line":22,"column":8},"end":{"line":23,"column":null}},"8":{"start":{"line":26,"column":4},"end":{"line":29,"column":6}},"9":{"start":{"line":31,"column":2},"end":{"line":31,"column":14}},"10":{"start":{"line":11,"column":13},"end":{"line":11,"column":37}}},"fnMap":{"0":{"name":"(anonymous_0)","decl":{"start":{"line":11,"column":37},"end":{"line":11,"column":38}},"loc":{"start":{"line":11,"column":57},"end":{"line":32,"column":1}}},"1":{"name":"(anonymous_1)","decl":{"start":{"line":12,"column":19},"end":{"line":12,"column":20}},"loc":{"start":{"line":12,"column":21},"end":{"line":12,"column":27}}},"2":{"name":"(anonymous_2)","decl":{"start":{"line":21,"column":6},"end":{"line":21,"column":7}},"loc":{"start":{"line":21,"column":8},"end":{"line":22,"column":9}}}},"branchMap":{"0":{"loc":{"start":{"line":12,"column":2},"end":{"line":18,"column":null}},"type":"if","locations":[{"start":{"line":12,"column":2},"end":{"line":18,"column":null}},{"start":{"line":12,"column":2},"end":{"line":18,"column":null}}]},"1":{"loc":{"start":{"line":12,"column":26},"end":{"line":12,"column":56}},"type":"binary-expr","locations":[{"start":{"line":12,"column":26},"end":{"line":12,"column":56}},{"start":{"line":12,"column":60},"end":{"line":12,"column":76}}]},"2":{"loc":{"start":{"line":19,"column":2},"end":{"line":30,"column":null}},"type":"if","locations":[{"start":{"line":19,"column":2},"end":{"line":30,"column":null}},{"start":{"line":19,"column":2},"end":{"line":30,"column":null}}]},"3":{"loc":{"start":{"line":22,"column":8},"end":{"line":22,"column":45}},"type":"binary-expr","locations":[{"start":{"line":22,"column":8},"end":{"line":22,"column":45}},{"start":{"line":23,"column":8},"end":{"line":23,"column":44}}]}},"s":{"0":3,"1":3,"2":3,"3":6,"4":10,"5":1,"6":5,"7":5,"8":1,"9":4,"10":3},"f":{"0":6,"1":10,"2":5},"b":{"0":[1,5],"1":[10,5],"2":[1,4],"3":[5,5]}}
,"/Users/nameczz/Working/milvus-node-sdk/utils/index.ts": {"path":"/Users/nameczz/Working/milvus-node-sdk/utils/index.ts","statementMap":{"0":{"start":{"line":2,"column":14},"end":{"line":16,"column":4}},"1":{"start":{"line":3,"column":4},"end":{"line":12,"column":null}},"2":{"start":{"line":4,"column":6},"end":{"line":9,"column":9}},"3":{"start":{"line":5,"column":8},"end":{"line":7,"column":null}},"4":{"start":{"line":6,"column":10},"end":{"line":6,"column":22}},"5":{"start":{"line":8,"column":8},"end":{"line":8,"column":24}},"6":{"start":{"line":11,"column":6},"end":{"line":11,"column":25}},"7":{"start":{"line":14,"column":4},"end":{"line":14,"column":23}},"8":{"start":{"line":15,"column":4},"end":{"line":15,"column":25}},"9":{"start":{"line":18,"column":2},"end":{"line":18,"column":13}},"10":{"start":{"line":1,"column":0},"end":{"line":1,"column":16}},"11":{"start":{"line":21,"column":51},"end":{"line":21,"column":null}},"12":{"start":{"line":22,"column":2},"end":{"line":22,"column":79}},"13":{"start":{"line":21,"column":0},"end":{"line":21,"column":16}}},"fnMap":{"0":{"name":"promisify","decl":{"start":{"line":1,"column":16},"end":{"line":1,"column":25}},"loc":{"start":{"line":1,"column":63},"end":{"line":19,"column":1}}},"1":{"name":"(anonymous_1)","decl":{"start":{"line":2,"column":26},"end":{"line":2,"column":27}},"loc":{"start":{"line":2,"column":42},"end":{"line":13,"column":3}}},"2":{"name":"(anonymous_2)","decl":{"start":{"line":4,"column":26},"end":{"line":4,"column":27}},"loc":{"start":{"line":4,"column":48},"end":{"line":9,"column":7}}},"3":{"name":"(anonymous_3)","decl":{"start":{"line":13,"column":11},"end":{"line":13,"column":12}},"loc":{"start":{"line":13,"column":15},"end":{"line":16,"column":3}}},"4":{"name":"generateVectors","decl":{"start":{"line":21,"column":16},"end":{"line":21,"column":31}},"loc":{"start":{"line":21,"column":69},"end":{"line":23,"column":1}}}},"branchMap":{"0":{"loc":{"start":{"line":5,"column":8},"end":{"line":7,"column":null}},"type":"if","locations":[{"start":{"line":5,"column":8},"end":{"line":7,"column":null}},{"start":{"line":5,"column":8},"end":{"line":7,"column":null}}]},"1":{"loc":{"start":{"line":21,"column":51},"end":{"line":21,"column":null}},"type":"if","locations":[{"start":{"line":21,"column":51},"end":{"line":21,"column":null}},{"start":{"line":21,"column":51},"end":{"line":21,"column":null}}]}},"s":{"0":31,"1":31,"2":31,"3":31,"4":0,"5":31,"6":0,"7":0,"8":0,"9":31,"10":3,"11":0,"12":0,"13":3},"f":{"0":31,"1":31,"2":31,"3":0,"4":0},"b":{"0":[0,31],"1":[0,0]}}
}
