TN:
SF:const/index.ts
FN:9,(anonymous_0)
FNF:1
FNH:1
FNDA:4,(anonymous_0)
DA:3,3
DA:5,3
DA:7,3
DA:9,7
DA:10,4
DA:12,3
LF:6
LH:6
BRDA:9,0,0,3
BRDA:9,0,1,1
BRF:2
BRH:2
end_of_record
TN:
SF:milvus/index.ts
FN:52,(anonymous_22)
FN:60,MilvusNode
FN:117,(anonymous_24)
FN:145,(anonymous_27)
FN:172,(anonymous_28)
FN:184,(anonymous_31)
FN:199,(anonymous_34)
FN:210,(anonymous_37)
FN:221,(anonymous_40)
FN:226,(anonymous_43)
FN:235,(anonymous_46)
FN:240,(anonymous_49)
FN:245,(anonymous_52)
FN:250,(anonymous_55)
FN:257,(anonymous_58)
FN:268,(anonymous_61)
FN:273,(anonymous_64)
FN:282,(anonymous_67)
FN:287,(anonymous_70)
FN:292,(anonymous_73)
FN:297,(anonymous_76)
FN:302,(anonymous_79)
FN:313,(anonymous_82)
FN:319,(anonymous_85)
FNF:24
FNH:21
FNDA:3,(anonymous_22)
FNDA:3,MilvusNode
FNDA:6,(anonymous_24)
FNDA:8,(anonymous_27)
FNDA:2,(anonymous_28)
FNDA:3,(anonymous_31)
FNDA:2,(anonymous_34)
FNDA:1,(anonymous_37)
FNDA:1,(anonymous_40)
FNDA:1,(anonymous_43)
FNDA:4,(anonymous_46)
FNDA:2,(anonymous_49)
FNDA:3,(anonymous_52)
FNDA:1,(anonymous_55)
FNDA:1,(anonymous_58)
FNDA:0,(anonymous_61)
FNDA:0,(anonymous_64)
FNDA:1,(anonymous_67)
FNDA:1,(anonymous_70)
FNDA:1,(anonymous_73)
FNDA:1,(anonymous_76)
FNDA:1,(anonymous_79)
FNDA:1,(anonymous_82)
FNDA:0,(anonymous_85)
DA:1,3
DA:3,3
DA:14,3
DA:15,3
DA:16,3
DA:17,3
DA:45,3
DA:46,3
DA:49,3
DA:50,3
DA:52,3
DA:61,3
DA:68,3
DA:69,3
DA:70,3
DA:74,3
DA:117,3
DA:118,6
DA:119,6
DA:120,0
DA:125,6
DA:126,6
DA:127,2
DA:130,4
DA:131,4
DA:133,4
DA:137,4
DA:139,4
DA:145,4
DA:146,8
DA:152,8
DA:154,8
DA:157,4
DA:158,4
DA:159,4
DA:164,4
DA:172,3
DA:173,2
DA:174,0
DA:176,2
DA:177,2
DA:184,3
DA:187,3
DA:188,3
DA:191,3
DA:199,3
DA:202,2
DA:207,2
DA:210,3
DA:213,1
DA:218,1
DA:221,3
DA:222,1
DA:223,1
DA:226,3
DA:227,1
DA:232,1
DA:235,3
DA:236,4
DA:237,4
DA:240,3
DA:241,2
DA:242,2
DA:245,3
DA:246,3
DA:247,3
DA:250,3
DA:253,1
DA:254,1
DA:257,3
DA:260,1
DA:265,1
DA:268,3
DA:269,0
DA:270,0
DA:273,3
DA:274,0
DA:279,0
DA:282,3
DA:283,1
DA:284,1
DA:287,3
DA:288,1
DA:289,1
DA:292,3
DA:293,1
DA:294,1
DA:297,3
DA:298,1
DA:299,1
DA:302,3
DA:305,1
DA:310,1
DA:313,3
DA:314,1
DA:315,1
DA:319,3
DA:320,0
DA:321,0
DA:323,0
DA:327,0
DA:337,0
DA:341,0
DA:345,0
DA:347,3
LF:105
LH:92
BRDA:119,0,0,0
BRDA:119,0,1,6
BRDA:119,1,0,6
BRDA:119,1,1,6
BRDA:119,1,2,6
BRDA:126,2,0,2
BRDA:126,2,1,4
BRDA:131,3,0,0
BRDA:131,3,1,4
BRDA:141,4,0,4
BRDA:141,4,1,2
BRDA:173,5,0,0
BRDA:173,5,1,2
BRDA:189,6,0,2
BRDA:189,6,1,1
BRDA:202,7,0,2
BRDA:213,8,0,1
BRDA:222,9,0,1
BRDA:227,10,0,1
BRDA:236,11,0,4
BRDA:241,12,0,2
BRDA:246,13,0,3
BRDA:253,14,0,1
BRDA:260,15,0,1
BRDA:269,16,0,0
BRDA:274,17,0,0
BRDA:283,18,0,1
BRDA:288,19,0,1
BRDA:293,20,0,1
BRDA:298,21,0,1
BRDA:305,22,0,1
BRDA:314,23,0,1
BRDA:320,24,0,0
BRDA:321,25,0,0
BRDA:321,25,1,0
BRF:35
BRH:27
end_of_record
TN:
SF:milvus/const/ErrorCode.ts
FNF:0
FNH:0
DA:1,3
LF:1
LH:1
BRF:0
BRH:0
end_of_record
TN:
SF:milvus/types/Collection.ts
FN:12,(anonymous_0)
FNF:1
FNH:1
FNDA:3,(anonymous_0)
DA:12,3
DA:13,3
DA:14,3
LF:3
LH:3
BRDA:12,0,0,3
BRDA:12,0,1,3
BRF:2
BRH:2
end_of_record
TN:
SF:milvus/types/Common.ts
FN:1,(anonymous_0)
FN:19,(anonymous_1)
FN:44,(anonymous_2)
FN:112,(anonymous_3)
FN:134,(anonymous_4)
FN:142,(anonymous_5)
FNF:6
FNH:6
FNDA:3,(anonymous_0)
FNDA:3,(anonymous_1)
FNDA:3,(anonymous_2)
FNDA:3,(anonymous_3)
FNDA:3,(anonymous_4)
FNDA:3,(anonymous_5)
DA:1,3
DA:2,3
DA:4,3
DA:6,3
DA:8,3
DA:10,3
DA:12,3
DA:14,3
DA:16,3
DA:19,3
DA:21,3
DA:23,3
DA:25,3
DA:27,3
DA:29,3
DA:31,3
DA:33,3
DA:35,3
DA:37,3
DA:39,3
DA:41,3
DA:44,3
DA:45,3
DA:47,3
DA:48,3
DA:49,3
DA:50,3
DA:51,3
DA:52,3
DA:53,3
DA:54,3
DA:57,3
DA:58,3
DA:59,3
DA:60,3
DA:61,3
DA:62,3
DA:63,3
DA:66,3
DA:67,3
DA:70,3
DA:71,3
DA:72,3
DA:75,3
DA:76,3
DA:77,3
DA:80,3
DA:81,3
DA:82,3
DA:83,3
DA:84,3
DA:85,3
DA:86,3
DA:87,3
DA:90,3
DA:93,3
DA:94,3
DA:95,3
DA:96,3
DA:97,3
DA:98,3
DA:99,3
DA:100,3
DA:112,3
DA:113,3
DA:114,3
DA:115,3
DA:116,3
DA:117,3
DA:118,3
DA:120,3
DA:121,3
DA:123,3
DA:125,3
DA:126,3
DA:134,3
DA:135,3
DA:136,3
DA:137,3
DA:138,3
DA:139,3
DA:142,3
DA:143,3
DA:144,3
LF:84
LH:84
BRDA:1,0,0,3
BRDA:1,0,1,3
BRDA:19,1,0,3
BRDA:19,1,1,3
BRDA:44,2,0,3
BRDA:44,2,1,3
BRDA:112,3,0,3
BRDA:112,3,1,3
BRDA:134,4,0,3
BRDA:134,4,1,3
BRDA:142,5,0,3
BRDA:142,5,1,3
BRF:12
BRH:12
end_of_record
TN:
SF:milvus/types/Response.ts
FN:2,(anonymous_0)
FNF:1
FNH:1
FNDA:3,(anonymous_0)
DA:2,3
DA:3,3
DA:4,3
LF:3
LH:3
BRDA:2,0,0,3
BRDA:2,0,1,3
BRF:2
BRH:2
end_of_record
TN:
SF:milvus/utils/Validate.ts
FN:11,(anonymous_0)
FN:12,(anonymous_1)
FN:21,(anonymous_2)
FNF:3
FNH:3
FNDA:6,(anonymous_0)
FNDA:10,(anonymous_1)
FNDA:5,(anonymous_2)
DA:1,3
DA:3,3
DA:11,3
DA:12,10
DA:13,1
DA:19,5
DA:22,5
DA:26,1
DA:31,4
LF:9
LH:9
BRDA:12,0,0,1
BRDA:12,0,1,5
BRDA:12,1,0,10
BRDA:12,1,1,5
BRDA:19,2,0,1
BRDA:19,2,1,4
BRDA:22,3,0,5
BRDA:22,3,1,5
BRF:8
BRH:8
end_of_record
TN:
SF:utils/index.ts
FN:1,promisify
FN:2,(anonymous_1)
FN:4,(anonymous_2)
FN:13,(anonymous_3)
FN:21,generateVectors
FNF:5
FNH:3
FNDA:31,promisify
FNDA:31,(anonymous_1)
FNDA:31,(anonymous_2)
FNDA:0,(anonymous_3)
FNDA:0,generateVectors
DA:1,3
DA:2,31
DA:3,31
DA:4,31
DA:5,31
DA:6,0
DA:8,31
DA:11,0
DA:14,0
DA:15,0
DA:18,31
DA:21,3
DA:22,0
LF:13
LH:8
BRDA:5,0,0,0
BRDA:5,0,1,31
BRDA:21,1,0,0
BRDA:21,1,1,0
BRF:4
BRH:1
end_of_record
