TN:
SF:const/index.ts
FN:9,(anonymous_0)
FNF:1
FNH:1
FNDA:8,(anonymous_0)
DA:3,6
DA:5,6
DA:7,6
DA:9,15
DA:10,8
DA:12,6
LF:6
LH:6
BRDA:9,0,0,7
BRDA:9,0,1,1
BRF:2
BRH:2
end_of_record
TN:
SF:milvus/index.ts
FN:60,(anonymous_22)
FN:69,MilvusClient
FN:125,(anonymous_24)
FN:137,(anonymous_27)
FN:159,(anonymous_30)
FN:186,(anonymous_31)
FN:198,(anonymous_34)
FN:212,(anonymous_37)
FN:219,(anonymous_40)
FN:233,(anonymous_43)
FN:238,(anonymous_46)
FN:243,(anonymous_49)
FN:248,(anonymous_52)
FN:253,(anonymous_55)
FN:258,(anonymous_58)
FN:265,(anonymous_61)
FN:277,(anonymous_64)
FN:282,(anonymous_67)
FN:287,(anonymous_70)
FN:292,(anonymous_73)
FN:297,(anonymous_76)
FN:302,(anonymous_79)
FN:307,(anonymous_82)
FN:314,(anonymous_85)
FN:326,(anonymous_88)
FN:335,(anonymous_91)
FN:346,(anonymous_92)
FN:353,(anonymous_93)
FN:354,(anonymous_94)
FN:377,(anonymous_95)
FN:442,(anonymous_96)
FN:457,(anonymous_99)
FN:485,(anonymous_100)
FN:502,(anonymous_101)
FN:505,(anonymous_102)
FN:511,(anonymous_103)
FNF:36
FNH:34
FNDA:6,(anonymous_22)
FNDA:6,MilvusClient
FNDA:2,(anonymous_24)
FNDA:12,(anonymous_27)
FNDA:20,(anonymous_30)
FNDA:2,(anonymous_31)
FNDA:2,(anonymous_34)
FNDA:7,(anonymous_37)
FNDA:1,(anonymous_40)
FNDA:4,(anonymous_43)
FNDA:1,(anonymous_46)
FNDA:7,(anonymous_49)
FNDA:3,(anonymous_52)
FNDA:3,(anonymous_55)
FNDA:1,(anonymous_58)
FNDA:1,(anonymous_61)
FNDA:1,(anonymous_64)
FNDA:1,(anonymous_67)
FNDA:1,(anonymous_70)
FNDA:1,(anonymous_73)
FNDA:2,(anonymous_76)
FNDA:1,(anonymous_79)
FNDA:1,(anonymous_82)
FNDA:1,(anonymous_85)
FNDA:6,(anonymous_88)
FNDA:19,(anonymous_91)
FNDA:33,(anonymous_92)
FNDA:101,(anonymous_93)
FNDA:223,(anonymous_94)
FNDA:10,(anonymous_95)
FNDA:2,(anonymous_96)
FNDA:2,(anonymous_99)
FNDA:4,(anonymous_100)
FNDA:2,(anonymous_101)
FNDA:0,(anonymous_102)
FNDA:0,(anonymous_103)
DA:1,6
DA:2,6
DA:13,6
DA:14,6
DA:15,6
DA:16,6
DA:17,6
DA:47,6
DA:48,6
DA:50,6
DA:54,6
DA:55,6
DA:56,6
DA:58,6
DA:59,6
DA:60,6
DA:70,6
DA:77,6
DA:78,6
DA:79,6
DA:83,6
DA:84,6
DA:125,6
DA:126,2
DA:127,2
DA:137,6
DA:138,12
DA:139,12
DA:140,0
DA:142,12
DA:144,8
DA:145,8
DA:147,8
DA:151,8
DA:153,8
DA:159,8
DA:160,20
DA:166,20
DA:168,20
DA:171,8
DA:172,8
DA:173,8
DA:178,8
DA:186,6
DA:187,2
DA:188,0
DA:190,2
DA:191,2
DA:198,6
DA:201,2
DA:204,2
DA:212,6
DA:215,7
DA:216,7
DA:219,6
DA:222,1
DA:228,1
DA:230,1
DA:233,6
DA:234,4
DA:235,4
DA:238,6
DA:239,1
DA:240,1
DA:243,6
DA:244,7
DA:245,7
DA:248,6
DA:249,3
DA:250,3
DA:253,6
DA:254,3
DA:255,3
DA:258,6
DA:261,1
DA:262,1
DA:265,6
DA:268,1
DA:273,1
DA:274,1
DA:277,6
DA:278,1
DA:279,1
DA:282,6
DA:283,1
DA:284,1
DA:287,6
DA:288,1
DA:289,1
DA:292,6
DA:293,1
DA:294,1
DA:297,6
DA:298,2
DA:299,2
DA:302,6
DA:303,1
DA:304,1
DA:307,6
DA:310,1
DA:311,1
DA:314,6
DA:315,1
DA:316,1
DA:326,6
DA:327,6
DA:329,6
DA:330,6
DA:331,0
DA:335,19
DA:343,6
DA:346,6
DA:348,33
DA:350,33
DA:351,2
DA:353,31
DA:354,223
DA:355,101
DA:356,1
DA:359,100
DA:364,100
DA:368,0
DA:371,100
DA:377,3
DA:380,10
DA:381,10
DA:383,10
DA:384,10
DA:385,10
DA:387,2
DA:388,2
DA:390,1
DA:391,1
DA:393,0
DA:394,0
DA:396,0
DA:397,0
DA:399,3
DA:400,3
DA:404,4
DA:405,4
DA:407,0
DA:409,10
DA:432,3
DA:433,3
DA:442,6
DA:443,2
DA:444,2
DA:445,2
DA:446,0
DA:448,2
DA:452,2
DA:458,2
DA:466,2
DA:470,2
DA:476,2
DA:477,2
DA:484,2
DA:485,2
DA:487,4
DA:488,4
DA:495,2
DA:502,2
DA:503,2
DA:505,2
DA:506,0
DA:507,0
DA:511,0
DA:512,0
DA:514,0
DA:519,2
DA:524,6
LF:172
LH:157
BRDA:126,0,0,2
BRDA:139,1,0,0
BRDA:139,1,1,12
BRDA:139,2,0,12
BRDA:139,2,1,12
BRDA:139,2,2,12
BRDA:145,3,0,0
BRDA:145,3,1,8
BRDA:155,4,0,8
BRDA:155,4,1,6
BRDA:187,5,0,0
BRDA:187,5,1,2
BRDA:201,6,0,2
BRDA:202,7,0,1
BRDA:202,7,1,1
BRDA:215,8,0,7
BRDA:222,9,0,1
BRDA:234,10,0,4
BRDA:239,11,0,1
BRDA:244,12,0,7
BRDA:249,13,0,3
BRDA:254,14,0,3
BRDA:261,15,0,1
BRDA:268,16,0,1
BRDA:278,17,0,1
BRDA:283,18,0,1
BRDA:288,19,0,1
BRDA:293,20,0,1
BRDA:298,21,0,2
BRDA:303,22,0,1
BRDA:310,23,0,1
BRDA:315,24,0,1
BRDA:330,25,0,0
BRDA:330,25,1,6
BRDA:350,26,0,2
BRDA:350,26,1,31
BRDA:355,27,0,1
BRDA:355,27,1,100
BRDA:364,28,0,0
BRDA:364,28,1,100
BRDA:365,29,0,100
BRDA:365,29,1,10
BRDA:372,30,0,30
BRDA:372,30,1,70
BRDA:381,31,0,0
BRDA:381,31,1,10
BRDA:383,32,0,3
BRDA:383,32,1,7
BRDA:386,33,0,2
BRDA:386,33,1,1
BRDA:386,33,2,0
BRDA:386,33,3,0
BRDA:386,33,4,3
BRDA:386,33,5,4
BRDA:386,33,6,4
BRDA:386,33,7,4
BRDA:386,33,8,0
BRDA:414,34,0,2
BRDA:414,34,1,8
BRDA:421,35,0,1
BRDA:421,35,1,7
BRDA:443,36,0,2
BRDA:444,37,0,0
BRDA:444,37,1,2
BRDA:445,38,0,0
BRDA:445,38,1,2
BRDA:459,39,0,1
BRDA:459,39,1,1
BRDA:472,40,0,2
BRDA:472,40,1,1
BRDA:477,41,0,2
BRDA:477,41,1,0
BRDA:487,42,0,0
BRDA:487,42,1,4
BRDA:491,43,0,0
BRDA:491,43,1,4
BRDA:491,44,0,0
BRDA:491,44,1,0
BRDA:491,45,0,0
BRDA:491,45,1,0
BRDA:495,46,0,0
BRDA:495,46,1,2
BRDA:495,47,0,2
BRDA:495,47,1,2
BRDA:506,48,0,0
BRDA:506,48,1,0
BRDA:509,49,0,0
BRDA:509,49,1,0
BRF:88
BRH:65
end_of_record
TN:
SF:milvus/const/ErrorReason.ts
FN:1,(anonymous_0)
FNF:1
FNH:1
FNDA:6,(anonymous_0)
DA:1,6
DA:2,6
DA:3,6
DA:4,6
DA:5,6
DA:6,6
DA:8,6
DA:10,6
DA:11,6
DA:12,6
DA:14,6
LF:11
LH:11
BRDA:1,0,0,6
BRDA:1,0,1,6
BRF:2
BRH:2
end_of_record
TN:
SF:milvus/types/Collection.ts
FN:12,(anonymous_0)
FNF:1
FNH:1
FNDA:6,(anonymous_0)
DA:12,6
DA:13,6
DA:14,6
LF:3
LH:3
BRDA:12,0,0,6
BRDA:12,0,1,6
BRF:2
BRH:2
end_of_record
TN:
SF:milvus/types/Common.ts
FN:1,(anonymous_0)
FN:19,(anonymous_1)
FN:44,(anonymous_2)
FN:112,(anonymous_3)
FN:148,(anonymous_4)
FN:156,(anonymous_5)
FNF:6
FNH:6
FNDA:6,(anonymous_0)
FNDA:6,(anonymous_1)
FNDA:6,(anonymous_2)
FNDA:6,(anonymous_3)
FNDA:6,(anonymous_4)
FNDA:6,(anonymous_5)
DA:1,6
DA:2,6
DA:4,6
DA:6,6
DA:8,6
DA:10,6
DA:12,6
DA:14,6
DA:16,6
DA:19,6
DA:21,6
DA:23,6
DA:25,6
DA:27,6
DA:29,6
DA:31,6
DA:33,6
DA:35,6
DA:37,6
DA:39,6
DA:41,6
DA:44,6
DA:45,6
DA:47,6
DA:48,6
DA:49,6
DA:50,6
DA:51,6
DA:52,6
DA:53,6
DA:54,6
DA:57,6
DA:58,6
DA:59,6
DA:60,6
DA:61,6
DA:62,6
DA:63,6
DA:66,6
DA:67,6
DA:70,6
DA:71,6
DA:72,6
DA:75,6
DA:76,6
DA:77,6
DA:80,6
DA:81,6
DA:82,6
DA:83,6
DA:84,6
DA:85,6
DA:86,6
DA:87,6
DA:90,6
DA:93,6
DA:94,6
DA:95,6
DA:96,6
DA:97,6
DA:98,6
DA:99,6
DA:100,6
DA:112,6
DA:113,6
DA:114,6
DA:115,6
DA:116,6
DA:117,6
DA:118,6
DA:120,6
DA:121,6
DA:123,6
DA:125,6
DA:126,6
DA:129,6
DA:148,6
DA:149,6
DA:150,6
DA:151,6
DA:152,6
DA:153,6
DA:156,6
DA:157,6
DA:158,6
LF:85
LH:85
BRDA:1,0,0,6
BRDA:1,0,1,6
BRDA:19,1,0,6
BRDA:19,1,1,6
BRDA:44,2,0,6
BRDA:44,2,1,6
BRDA:112,3,0,6
BRDA:112,3,1,6
BRDA:148,4,0,6
BRDA:148,4,1,6
BRDA:156,5,0,6
BRDA:156,5,1,6
BRF:12
BRH:12
end_of_record
TN:
SF:milvus/types/Response.ts
FN:8,(anonymous_0)
FNF:1
FNH:1
FNDA:6,(anonymous_0)
DA:8,6
DA:9,6
DA:10,6
LF:3
LH:3
BRDA:8,0,0,6
BRDA:8,0,1,6
BRF:2
BRH:2
end_of_record
TN:
SF:milvus/utils/Blob.ts
FN:1,(anonymous_0)
FN:8,(anonymous_1)
FNF:2
FNH:2
FNDA:1,(anonymous_0)
FNDA:2,(anonymous_1)
DA:1,6
DA:3,1
DA:5,1
DA:8,6
DA:10,2
DA:12,2
LF:6
LH:6
BRF:0
BRH:0
end_of_record
TN:
SF:milvus/utils/Format.ts
FN:10,(anonymous_0)
FN:12,(anonymous_1)
FNF:2
FNH:2
FNDA:2,(anonymous_0)
FNDA:2,(anonymous_1)
DA:1,6
DA:10,6
DA:11,2
DA:12,2
DA:13,2
DA:14,2
DA:17,2
LF:7
LH:7
BRF:0
BRH:0
end_of_record
TN:
SF:milvus/utils/Validate.ts
FN:13,(anonymous_0)
FN:16,(anonymous_1)
FN:20,(anonymous_2)
FN:27,(anonymous_3)
FNF:4
FNH:4
FNDA:12,(anonymous_0)
FNDA:22,(anonymous_1)
FNDA:11,(anonymous_2)
FNDA:22,(anonymous_3)
DA:1,6
DA:2,6
DA:4,6
DA:13,6
DA:14,12
DA:16,22
DA:17,1
DA:19,11
DA:21,11
DA:24,1
DA:27,10
DA:28,22
DA:29,10
DA:32,10
DA:33,1
DA:35,9
DA:36,1
DA:41,8
LF:18
LH:18
BRDA:16,0,0,1
BRDA:16,0,1,11
BRDA:16,1,0,22
BRDA:16,1,1,11
BRDA:19,2,0,1
BRDA:19,2,1,10
BRDA:21,3,0,11
BRDA:21,3,1,0
BRDA:28,4,0,10
BRDA:28,4,1,12
BRDA:28,5,0,22
BRDA:28,5,1,22
BRDA:30,6,0,9
BRDA:30,6,1,1
BRDA:32,7,0,1
BRDA:32,7,1,9
BRDA:35,8,0,1
BRDA:35,8,1,8
BRDA:35,9,0,9
BRDA:35,9,1,3
BRF:20
BRH:19
end_of_record
TN:
SF:milvus/utils/index.ts
FN:3,(anonymous_0)
FN:4,(anonymous_1)
FNF:2
FNH:2
FNDA:30,(anonymous_0)
FNDA:17,(anonymous_1)
DA:3,6
DA:4,30
LF:2
LH:2
BRDA:4,0,0,13
BRDA:4,0,1,17
BRDA:4,1,0,30
BRDA:4,1,1,30
BRF:4
BRH:4
end_of_record
TN:
SF:utils/index.ts
FN:1,promisify
FN:2,(anonymous_2)
FN:4,(anonymous_3)
FN:13,(anonymous_4)
FN:20,generateInsertData
FN:28,(anonymous_7)
FN:31,(anonymous_8)
FNF:7
FNH:6
FNDA:56,promisify
FNDA:56,(anonymous_2)
FNDA:56,(anonymous_3)
FNDA:0,(anonymous_4)
FNDA:6,generateInsertData
FNDA:170,(anonymous_7)
FNDA:340,(anonymous_8)
DA:1,6
DA:2,56
DA:3,56
DA:4,56
DA:5,56
DA:6,0
DA:8,56
DA:11,0
DA:14,0
DA:17,56
DA:20,6
DA:24,6
DA:25,6
DA:26,60
DA:28,60
DA:29,510
DA:30,170
DA:31,340
DA:34,60
DA:35,60
DA:37,6
LF:21
LH:18
BRDA:5,0,0,0
BRDA:5,0,1,56
BRDA:31,1,0,60
BRDA:31,1,1,110
BRF:4
BRH:3
end_of_record
